<?xml version="1.0" encoding="UTF-8"?>
<testsuites>
  <testsuite name="/Users/yosef/Documents/Projects/Eaglepoint/TASK-req_f1d20d3ece96/repo/phpunit.xml" tests="182" assertions="313" errors="0" failures="0" skipped="0" time="16.230297">
    <testsuite name="unit" tests="138" assertions="234" errors="0" failures="0" skipped="0" time="2.409112">
      <testsuite name="tests\services\ActivityServiceTest" file="/Users/yosef/Documents/Projects/Eaglepoint/TASK-req_f1d20d3ece96/repo/unit_tests/services/ActivityServiceTest.php" tests="25" assertions="47" errors="0" failures="0" skipped="0" time="0.037026">
        <testcase name="testListActivitiesLatestVersionIsShown" file="/Users/yosef/Documents/Projects/Eaglepoint/TASK-req_f1d20d3ece96/repo/unit_tests/services/ActivityServiceTest.php" line="72" class="tests\services\ActivityServiceTest" classname="tests.services.ActivityServiceTest" assertions="2" time="0.007479"/>
        <testcase name="testGetActivityReturnsMostRecentPublishedVersion" file="/Users/yosef/Documents/Projects/Eaglepoint/TASK-req_f1d20d3ece96/repo/unit_tests/services/ActivityServiceTest.php" line="115" class="tests\services\ActivityServiceTest" classname="tests.services.ActivityServiceTest" assertions="2" time="0.000684"/>
        <testcase name="testGetActivitySetsPendingDraftFlagWhenNewerDraftExists" file="/Users/yosef/Documents/Projects/Eaglepoint/TASK-req_f1d20d3ece96/repo/unit_tests/services/ActivityServiceTest.php" line="151" class="tests\services\ActivityServiceTest" classname="tests.services.ActivityServiceTest" assertions="1" time="0.000815"/>
        <testcase name="testGetActivityHasPendingDraftIsFalseWhenNoDraftExists" file="/Users/yosef/Documents/Projects/Eaglepoint/TASK-req_f1d20d3ece96/repo/unit_tests/services/ActivityServiceTest.php" line="186" class="tests\services\ActivityServiceTest" classname="tests.services.ActivityServiceTest" assertions="1" time="0.000767"/>
        <testcase name="testGetVersionsReturnsAllVersions" file="/Users/yosef/Documents/Projects/Eaglepoint/TASK-req_f1d20d3ece96/repo/unit_tests/services/ActivityServiceTest.php" line="358" class="tests\services\ActivityServiceTest" classname="tests.services.ActivityServiceTest" assertions="3" time="0.004671"/>
        <testcase name="testGetChangeLogRecordsChanges" file="/Users/yosef/Documents/Projects/Eaglepoint/TASK-req_f1d20d3ece96/repo/unit_tests/services/ActivityServiceTest.php" line="372" class="tests\services\ActivityServiceTest" classname="tests.services.ActivityServiceTest" assertions="3" time="0.001569"/>
        <testcase name="testListActivitiesReturnsOneRowPerGroupWhenMultipleVersionsExist" file="/Users/yosef/Documents/Projects/Eaglepoint/TASK-req_f1d20d3ece96/repo/unit_tests/services/ActivityServiceTest.php" line="34" class="tests\services\ActivityServiceTest" classname="tests.services.ActivityServiceTest" assertions="1" time="0.000712"/>
        <testcase name="testGetActivityThrows404WhenNotFound" file="/Users/yosef/Documents/Projects/Eaglepoint/TASK-req_f1d20d3ece96/repo/unit_tests/services/ActivityServiceTest.php" line="209" class="tests\services\ActivityServiceTest" classname="tests.services.ActivityServiceTest" assertions="2" time="0.000570"/>
        <testcase name="testCreateActivityReturnsActivityWithDraftState" file="/Users/yosef/Documents/Projects/Eaglepoint/TASK-req_f1d20d3ece96/repo/unit_tests/services/ActivityServiceTest.php" line="220" class="tests\services\ActivityServiceTest" classname="tests.services.ActivityServiceTest" assertions="3" time="0.000601"/>
        <testcase name="testCreateActivityThrowsWhenTitleIsMissing" file="/Users/yosef/Documents/Projects/Eaglepoint/TASK-req_f1d20d3ece96/repo/unit_tests/services/ActivityServiceTest.php" line="230" class="tests\services\ActivityServiceTest" classname="tests.services.ActivityServiceTest" assertions="2" time="0.000202"/>
        <testcase name="testUpdateDraftActivityModifiesExistingVersion" file="/Users/yosef/Documents/Projects/Eaglepoint/TASK-req_f1d20d3ece96/repo/unit_tests/services/ActivityServiceTest.php" line="243" class="tests\services\ActivityServiceTest" classname="tests.services.ActivityServiceTest" assertions="2" time="0.000914"/>
        <testcase name="testUpdatePublishedActivityCreatesNewVersion" file="/Users/yosef/Documents/Projects/Eaglepoint/TASK-req_f1d20d3ece96/repo/unit_tests/services/ActivityServiceTest.php" line="254" class="tests\services\ActivityServiceTest" classname="tests.services.ActivityServiceTest" assertions="3" time="0.001410"/>
        <testcase name="testPublishActivityTransitionsDraftToPublished" file="/Users/yosef/Documents/Projects/Eaglepoint/TASK-req_f1d20d3ece96/repo/unit_tests/services/ActivityServiceTest.php" line="271" class="tests\services\ActivityServiceTest" classname="tests.services.ActivityServiceTest" assertions="1" time="0.000959"/>
        <testcase name="testPublishThrowsWhenNotDraft" file="/Users/yosef/Documents/Projects/Eaglepoint/TASK-req_f1d20d3ece96/repo/unit_tests/services/ActivityServiceTest.php" line="281" class="tests\services\ActivityServiceTest" classname="tests.services.ActivityServiceTest" assertions="2" time="0.001033"/>
        <testcase name="testStartActivityTransitionsPublishedToInProgress" file="/Users/yosef/Documents/Projects/Eaglepoint/TASK-req_f1d20d3ece96/repo/unit_tests/services/ActivityServiceTest.php" line="292" class="tests\services\ActivityServiceTest" classname="tests.services.ActivityServiceTest" assertions="1" time="0.001153"/>
        <testcase name="testStartThrowsWhenNotPublished" file="/Users/yosef/Documents/Projects/Eaglepoint/TASK-req_f1d20d3ece96/repo/unit_tests/services/ActivityServiceTest.php" line="303" class="tests\services\ActivityServiceTest" classname="tests.services.ActivityServiceTest" assertions="2" time="0.000625"/>
        <testcase name="testCompleteActivityTransitionsInProgressToCompleted" file="/Users/yosef/Documents/Projects/Eaglepoint/TASK-req_f1d20d3ece96/repo/unit_tests/services/ActivityServiceTest.php" line="313" class="tests\services\ActivityServiceTest" classname="tests.services.ActivityServiceTest" assertions="1" time="0.001404"/>
        <testcase name="testSignupUserSucceedsForPublishedActivity" file="/Users/yosef/Documents/Projects/Eaglepoint/TASK-req_f1d20d3ece96/repo/unit_tests/services/ActivityServiceTest.php" line="390" class="tests\services\ActivityServiceTest" classname="tests.services.ActivityServiceTest" assertions="2" time="0.001073"/>
        <testcase name="testSignupThrowsWhenActivityNotPublished" file="/Users/yosef/Documents/Projects/Eaglepoint/TASK-req_f1d20d3ece96/repo/unit_tests/services/ActivityServiceTest.php" line="402" class="tests\services\ActivityServiceTest" classname="tests.services.ActivityServiceTest" assertions="2" time="0.000624"/>
        <testcase name="testSignupThrowsWhenAlreadySignedUp" file="/Users/yosef/Documents/Projects/Eaglepoint/TASK-req_f1d20d3ece96/repo/unit_tests/services/ActivityServiceTest.php" line="412" class="tests\services\ActivityServiceTest" classname="tests.services.ActivityServiceTest" assertions="2" time="0.001145"/>
        <testcase name="testSignupThrowsWhenActivityIsFull" file="/Users/yosef/Documents/Projects/Eaglepoint/TASK-req_f1d20d3ece96/repo/unit_tests/services/ActivityServiceTest.php" line="424" class="tests\services\ActivityServiceTest" classname="tests.services.ActivityServiceTest" assertions="2" time="0.001262"/>
        <testcase name="testCancelSignupSetsStatusToCancelled" file="/Users/yosef/Documents/Projects/Eaglepoint/TASK-req_f1d20d3ece96/repo/unit_tests/services/ActivityServiceTest.php" line="440" class="tests\services\ActivityServiceTest" classname="tests.services.ActivityServiceTest" assertions="1" time="0.001173"/>
        <testcase name="testArchiveActivityTransitionsCompletedToArchived" file="/Users/yosef/Documents/Projects/Eaglepoint/TASK-req_f1d20d3ece96/repo/unit_tests/services/ActivityServiceTest.php" line="325" class="tests\services\ActivityServiceTest" classname="tests.services.ActivityServiceTest" assertions="1" time="0.001632"/>
        <testcase name="testUpdateArchivedActivityCreatesNewVersion" file="/Users/yosef/Documents/Projects/Eaglepoint/TASK-req_f1d20d3ece96/repo/unit_tests/services/ActivityServiceTest.php" line="338" class="tests\services\ActivityServiceTest" classname="tests.services.ActivityServiceTest" assertions="3" time="0.002007"/>
        <testcase name="testListActivitiesFiltersByState" file="/Users/yosef/Documents/Projects/Eaglepoint/TASK-req_f1d20d3ece96/repo/unit_tests/services/ActivityServiceTest.php" line="453" class="tests\services\ActivityServiceTest" classname="tests.services.ActivityServiceTest" assertions="2" time="0.002542"/>
      </testsuite>
      <testsuite name="tests\services\AuthServiceTest" file="/Users/yosef/Documents/Projects/Eaglepoint/TASK-req_f1d20d3ece96/repo/unit_tests/services/AuthServiceTest.php" tests="11" assertions="14" errors="0" failures="0" skipped="0" time="1.893032">
        <testcase name="testIsLockedReturnsFalseWhenNotLocked" file="/Users/yosef/Documents/Projects/Eaglepoint/TASK-req_f1d20d3ece96/repo/unit_tests/services/AuthServiceTest.php" line="49" class="tests\services\AuthServiceTest" classname="tests.services.AuthServiceTest" assertions="1" time="0.000521"/>
        <testcase name="testIsLockedReturnsTrueWhenLockedInFuture" file="/Users/yosef/Documents/Projects/Eaglepoint/TASK-req_f1d20d3ece96/repo/unit_tests/services/AuthServiceTest.php" line="57" class="tests\services\AuthServiceTest" classname="tests.services.AuthServiceTest" assertions="1" time="0.000102"/>
        <testcase name="testIsLockedReturnsFalseWhenLockedInPast" file="/Users/yosef/Documents/Projects/Eaglepoint/TASK-req_f1d20d3ece96/repo/unit_tests/services/AuthServiceTest.php" line="65" class="tests\services\AuthServiceTest" classname="tests.services.AuthServiceTest" assertions="1" time="0.000078"/>
        <testcase name="testRecordFailedAttemptIncrementsCounter" file="/Users/yosef/Documents/Projects/Eaglepoint/TASK-req_f1d20d3ece96/repo/unit_tests/services/AuthServiceTest.php" line="100" class="tests\services\AuthServiceTest" classname="tests.services.AuthServiceTest" assertions="1" time="0.000086"/>
        <testcase name="testResetFailedAttemptsClearsLock" file="/Users/yosef/Documents/Projects/Eaglepoint/TASK-req_f1d20d3ece96/repo/unit_tests/services/AuthServiceTest.php" line="108" class="tests\services\AuthServiceTest" classname="tests.services.AuthServiceTest" assertions="2" time="0.000145"/>
        <testcase name="testPasswordHashUsesBcryptAlgorithm" file="/Users/yosef/Documents/Projects/Eaglepoint/TASK-req_f1d20d3ece96/repo/unit_tests/services/AuthServiceTest.php" line="73" class="tests\services\AuthServiceTest" classname="tests.services.AuthServiceTest" assertions="1" time="0.189351"/>
        <testcase name="testSaltIs32HexCharacters" file="/Users/yosef/Documents/Projects/Eaglepoint/TASK-req_f1d20d3ece96/repo/unit_tests/services/AuthServiceTest.php" line="81" class="tests\services\AuthServiceTest" classname="tests.services.AuthServiceTest" assertions="1" time="0.188582"/>
        <testcase name="testVerifyPasswordReturnsFalseForWrongPassword" file="/Users/yosef/Documents/Projects/Eaglepoint/TASK-req_f1d20d3ece96/repo/unit_tests/services/AuthServiceTest.php" line="25" class="tests\services\AuthServiceTest" classname="tests.services.AuthServiceTest" assertions="1" time="0.378218"/>
        <testcase name="testVerifyPassword" file="/Users/yosef/Documents/Projects/Eaglepoint/TASK-req_f1d20d3ece96/repo/unit_tests/services/AuthServiceTest.php" line="12" class="tests\services\AuthServiceTest" classname="tests.services.AuthServiceTest" assertions="1" time="0.377084"/>
        <testcase name="testDifferentSaltPerPassword" file="/Users/yosef/Documents/Projects/Eaglepoint/TASK-req_f1d20d3ece96/repo/unit_tests/services/AuthServiceTest.php" line="89" class="tests\services\AuthServiceTest" classname="tests.services.AuthServiceTest" assertions="1" time="0.381552"/>
        <testcase name="testSetPasswordHashesPassword" file="/Users/yosef/Documents/Projects/Eaglepoint/TASK-req_f1d20d3ece96/repo/unit_tests/services/AuthServiceTest.php" line="37" class="tests\services\AuthServiceTest" classname="tests.services.AuthServiceTest" assertions="3" time="0.377312"/>
      </testsuite>
      <testsuite name="tests\services\ChecklistServiceTest" file="/Users/yosef/Documents/Projects/Eaglepoint/TASK-req_f1d20d3ece96/repo/unit_tests/services/ChecklistServiceTest.php" tests="7" assertions="10" errors="0" failures="0" skipped="0" time="0.004415">
        <testcase name="testCreateChecklistSucceedsForActivityOwner" file="/Users/yosef/Documents/Projects/Eaglepoint/TASK-req_f1d20d3ece96/repo/unit_tests/services/ChecklistServiceTest.php" line="97" class="tests\services\ChecklistServiceTest" classname="tests.services.ChecklistServiceTest" assertions="1" time="0.001729"/>
        <testcase name="testCreateChecklistSucceedsForAdmin" file="/Users/yosef/Documents/Projects/Eaglepoint/TASK-req_f1d20d3ece96/repo/unit_tests/services/ChecklistServiceTest.php" line="104" class="tests\services\ChecklistServiceTest" classname="tests.services.ChecklistServiceTest" assertions="1" time="0.000344"/>
        <testcase name="testCompleteItemSucceedsForActivityOwner" file="/Users/yosef/Documents/Projects/Eaglepoint/TASK-req_f1d20d3ece96/repo/unit_tests/services/ChecklistServiceTest.php" line="48" class="tests\services\ChecklistServiceTest" classname="tests.services.ChecklistServiceTest" assertions="1" time="0.000521"/>
        <testcase name="testCompleteItemSucceedsForAdmin" file="/Users/yosef/Documents/Projects/Eaglepoint/TASK-req_f1d20d3ece96/repo/unit_tests/services/ChecklistServiceTest.php" line="58" class="tests\services\ChecklistServiceTest" classname="tests.services.ChecklistServiceTest" assertions="1" time="0.000444"/>
        <testcase name="testCompleteItemThrows403ForNonOwner" file="/Users/yosef/Documents/Projects/Eaglepoint/TASK-req_f1d20d3ece96/repo/unit_tests/services/ChecklistServiceTest.php" line="68" class="tests\services\ChecklistServiceTest" classname="tests.services.ChecklistServiceTest" assertions="2" time="0.000431"/>
        <testcase name="testCreateChecklistThrows403ForNonOwner" file="/Users/yosef/Documents/Projects/Eaglepoint/TASK-req_f1d20d3ece96/repo/unit_tests/services/ChecklistServiceTest.php" line="111" class="tests\services\ChecklistServiceTest" classname="tests.services.ChecklistServiceTest" assertions="2" time="0.000246"/>
        <testcase name="testCompleteItemTogglesCompletion" file="/Users/yosef/Documents/Projects/Eaglepoint/TASK-req_f1d20d3ece96/repo/unit_tests/services/ChecklistServiceTest.php" line="80" class="tests\services\ChecklistServiceTest" classname="tests.services.ChecklistServiceTest" assertions="2" time="0.000700"/>
      </testsuite>
      <testsuite name="tests\services\OrderServiceTest" file="/Users/yosef/Documents/Projects/Eaglepoint/TASK-req_f1d20d3ece96/repo/unit_tests/services/OrderServiceTest.php" tests="31" assertions="50" errors="0" failures="0" skipped="0" time="0.014269">
        <testcase name="testCancelThrowsWhenOrderIsTicketed" file="/Users/yosef/Documents/Projects/Eaglepoint/TASK-req_f1d20d3ece96/repo/unit_tests/services/OrderServiceTest.php" line="35" class="tests\services\OrderServiceTest" classname="tests.services.OrderServiceTest" assertions="2" time="0.001489"/>
        <testcase name="testCancelThrowsWhenOrderIsClosed" file="/Users/yosef/Documents/Projects/Eaglepoint/TASK-req_f1d20d3ece96/repo/unit_tests/services/OrderServiceTest.php" line="44" class="tests\services\OrderServiceTest" classname="tests.services.OrderServiceTest" assertions="2" time="0.000319"/>
        <testcase name="testCancelSucceedsForPlacedOrder" file="/Users/yosef/Documents/Projects/Eaglepoint/TASK-req_f1d20d3ece96/repo/unit_tests/services/OrderServiceTest.php" line="53" class="tests\services\OrderServiceTest" classname="tests.services.OrderServiceTest" assertions="1" time="0.000632"/>
        <testcase name="testRefundThrowsWhenCallerIsNotAdministrator" file="/Users/yosef/Documents/Projects/Eaglepoint/TASK-req_f1d20d3ece96/repo/unit_tests/services/OrderServiceTest.php" line="91" class="tests\services\OrderServiceTest" classname="tests.services.OrderServiceTest" assertions="2" time="0.000300"/>
        <testcase name="testCloseThrowsWhenOrderIsNotTicketed" file="/Users/yosef/Documents/Projects/Eaglepoint/TASK-req_f1d20d3ece96/repo/unit_tests/services/OrderServiceTest.php" line="112" class="tests\services\OrderServiceTest" classname="tests.services.OrderServiceTest" assertions="2" time="0.000283"/>
        <testcase name="testCloseSucceedsForTicketedOrder" file="/Users/yosef/Documents/Projects/Eaglepoint/TASK-req_f1d20d3ece96/repo/unit_tests/services/OrderServiceTest.php" line="121" class="tests\services\OrderServiceTest" classname="tests.services.OrderServiceTest" assertions="1" time="0.000538"/>
        <testcase name="testCancelBySystemSetsStateToCanceled" file="/Users/yosef/Documents/Projects/Eaglepoint/TASK-req_f1d20d3ece96/repo/unit_tests/services/OrderServiceTest.php" line="133" class="tests\services\OrderServiceTest" classname="tests.services.OrderServiceTest" assertions="1" time="0.000558"/>
        <testcase name="testCancelBySystemWritesHistoryWithChangedByZero" file="/Users/yosef/Documents/Projects/Eaglepoint/TASK-req_f1d20d3ece96/repo/unit_tests/services/OrderServiceTest.php" line="141" class="tests\services\OrderServiceTest" classname="tests.services.OrderServiceTest" assertions="3" time="0.000591"/>
        <testcase name="testCancelBySystemThrowsWhenOrderIsNotPendingPayment" file="/Users/yosef/Documents/Projects/Eaglepoint/TASK-req_f1d20d3ece96/repo/unit_tests/services/OrderServiceTest.php" line="155" class="tests\services\OrderServiceTest" classname="tests.services.OrderServiceTest" assertions="2" time="0.000287"/>
        <testcase name="testRefundSucceedsForAdministrator" file="/Users/yosef/Documents/Projects/Eaglepoint/TASK-req_f1d20d3ece96/repo/unit_tests/services/OrderServiceTest.php" line="100" class="tests\services\OrderServiceTest" classname="tests.services.OrderServiceTest" assertions="1" time="0.000505"/>
        <testcase name="testGetHistoryReturnsStateChanges" file="/Users/yosef/Documents/Projects/Eaglepoint/TASK-req_f1d20d3ece96/repo/unit_tests/services/OrderServiceTest.php" line="260" class="tests\services\OrderServiceTest" classname="tests.services.OrderServiceTest" assertions="2" time="0.000641"/>
        <testcase name="testApproveAddressCorrectionSucceedsForReviewer" file="/Users/yosef/Documents/Projects/Eaglepoint/TASK-req_f1d20d3ece96/repo/unit_tests/services/OrderServiceTest.php" line="353" class="tests\services\OrderServiceTest" classname="tests.services.OrderServiceTest" assertions="1" time="0.001118"/>
        <testcase name="testCancelThrowsWhenOrderIsPaid" file="/Users/yosef/Documents/Projects/Eaglepoint/TASK-req_f1d20d3ece96/repo/unit_tests/services/OrderServiceTest.php" line="61" class="tests\services\OrderServiceTest" classname="tests.services.OrderServiceTest" assertions="2" time="0.000282"/>
        <testcase name="testCancelThrowsWhenOrderIsPaidEvenForAdmin" file="/Users/yosef/Documents/Projects/Eaglepoint/TASK-req_f1d20d3ece96/repo/unit_tests/services/OrderServiceTest.php" line="70" class="tests\services\OrderServiceTest" classname="tests.services.OrderServiceTest" assertions="2" time="0.000275"/>
        <testcase name="testCancelSucceedsForPendingPaymentOrder" file="/Users/yosef/Documents/Projects/Eaglepoint/TASK-req_f1d20d3ece96/repo/unit_tests/services/OrderServiceTest.php" line="79" class="tests\services\OrderServiceTest" classname="tests.services.OrderServiceTest" assertions="1" time="0.000508"/>
        <testcase name="testCreateOrderThrowsWhenActivityIdMissing" file="/Users/yosef/Documents/Projects/Eaglepoint/TASK-req_f1d20d3ece96/repo/unit_tests/services/OrderServiceTest.php" line="183" class="tests\services\OrderServiceTest" classname="tests.services.OrderServiceTest" assertions="2" time="0.000180"/>
        <testcase name="testCreateOrderThrowsWhenActivityNotFound" file="/Users/yosef/Documents/Projects/Eaglepoint/TASK-req_f1d20d3ece96/repo/unit_tests/services/OrderServiceTest.php" line="191" class="tests\services\OrderServiceTest" classname="tests.services.OrderServiceTest" assertions="2" time="0.000208"/>
        <testcase name="testInitiatePaymentTransitionsToPlacedToPending" file="/Users/yosef/Documents/Projects/Eaglepoint/TASK-req_f1d20d3ece96/repo/unit_tests/services/OrderServiceTest.php" line="203" class="tests\services\OrderServiceTest" classname="tests.services.OrderServiceTest" assertions="2" time="0.000518"/>
        <testcase name="testInitiatePaymentThrowsWhenNotPlaced" file="/Users/yosef/Documents/Projects/Eaglepoint/TASK-req_f1d20d3ece96/repo/unit_tests/services/OrderServiceTest.php" line="213" class="tests\services\OrderServiceTest" classname="tests.services.OrderServiceTest" assertions="2" time="0.000283"/>
        <testcase name="testConfirmPaymentTransitionsToPaid" file="/Users/yosef/Documents/Projects/Eaglepoint/TASK-req_f1d20d3ece96/repo/unit_tests/services/OrderServiceTest.php" line="222" class="tests\services\OrderServiceTest" classname="tests.services.OrderServiceTest" assertions="1" time="0.000508"/>
        <testcase name="testStartTicketingTransitionsPaidToTicketing" file="/Users/yosef/Documents/Projects/Eaglepoint/TASK-req_f1d20d3ece96/repo/unit_tests/services/OrderServiceTest.php" line="238" class="tests\services\OrderServiceTest" classname="tests.services.OrderServiceTest" assertions="1" time="0.000500"/>
        <testcase name="testAddTicketTransitionsTicketingToTicketed" file="/Users/yosef/Documents/Projects/Eaglepoint/TASK-req_f1d20d3ece96/repo/unit_tests/services/OrderServiceTest.php" line="246" class="tests\services\OrderServiceTest" classname="tests.services.OrderServiceTest" assertions="2" time="0.000509"/>
        <testcase name="testGetHistoryThrows403ForUnauthorizedUser" file="/Users/yosef/Documents/Projects/Eaglepoint/TASK-req_f1d20d3ece96/repo/unit_tests/services/OrderServiceTest.php" line="272" class="tests\services\OrderServiceTest" classname="tests.services.OrderServiceTest" assertions="2" time="0.000289"/>
        <testcase name="testGetOrderReturnsNullForUnauthorizedUser" file="/Users/yosef/Documents/Projects/Eaglepoint/TASK-req_f1d20d3ece96/repo/unit_tests/services/OrderServiceTest.php" line="284" class="tests\services\OrderServiceTest" classname="tests.services.OrderServiceTest" assertions="1" time="0.000277"/>
        <testcase name="testGetOrderReturnsOrderForOwner" file="/Users/yosef/Documents/Projects/Eaglepoint/TASK-req_f1d20d3ece96/repo/unit_tests/services/OrderServiceTest.php" line="291" class="tests\services\OrderServiceTest" classname="tests.services.OrderServiceTest" assertions="2" time="0.000320"/>
        <testcase name="testUpdateOrderModifiesNotes" file="/Users/yosef/Documents/Projects/Eaglepoint/TASK-req_f1d20d3ece96/repo/unit_tests/services/OrderServiceTest.php" line="303" class="tests\services\OrderServiceTest" classname="tests.services.OrderServiceTest" assertions="1" time="0.000336"/>
        <testcase name="testUpdateOrderThrowsForClosedOrder" file="/Users/yosef/Documents/Projects/Eaglepoint/TASK-req_f1d20d3ece96/repo/unit_tests/services/OrderServiceTest.php" line="311" class="tests\services\OrderServiceTest" classname="tests.services.OrderServiceTest" assertions="2" time="0.000280"/>
        <testcase name="testRequestAddressCorrectionOnClosedOrder" file="/Users/yosef/Documents/Projects/Eaglepoint/TASK-req_f1d20d3ece96/repo/unit_tests/services/OrderServiceTest.php" line="324" class="tests\services\OrderServiceTest" classname="tests.services.OrderServiceTest" assertions="1" time="0.000390"/>
        <testcase name="testRequestAddressCorrectionFailsOnNonClosedOrder" file="/Users/yosef/Documents/Projects/Eaglepoint/TASK-req_f1d20d3ece96/repo/unit_tests/services/OrderServiceTest.php" line="333" class="tests\services\OrderServiceTest" classname="tests.services.OrderServiceTest" assertions="1" time="0.000290"/>
        <testcase name="testApproveAddressCorrectionRequiresReviewerRole" file="/Users/yosef/Documents/Projects/Eaglepoint/TASK-req_f1d20d3ece96/repo/unit_tests/services/OrderServiceTest.php" line="342" class="tests\services\OrderServiceTest" classname="tests.services.OrderServiceTest" assertions="1" time="0.000405"/>
        <testcase name="testCreateOrderReturnsPlacedOrder" file="/Users/yosef/Documents/Projects/Eaglepoint/TASK-req_f1d20d3ece96/repo/unit_tests/services/OrderServiceTest.php" line="167" class="tests\services\OrderServiceTest" classname="tests.services.OrderServiceTest" assertions="2" time="0.000652"/>
      </testsuite>
      <testsuite name="tests\services\SearchServiceTest" file="/Users/yosef/Documents/Projects/Eaglepoint/TASK-req_f1d20d3ece96/repo/unit_tests/services/SearchServiceTest.php" tests="24" assertions="36" errors="0" failures="0" skipped="0" time="0.061514">
        <testcase name="testCleanupDoesNotRemoveRecentOrphanedEntries" file="/Users/yosef/Documents/Projects/Eaglepoint/TASK-req_f1d20d3ece96/repo/unit_tests/services/SearchServiceTest.php" line="218" class="tests\services\SearchServiceTest" classname="tests.services.SearchServiceTest" assertions="1" time="0.000451"/>
        <testcase name="testSearchWithSqlInjectionQueryReturnsValidArray" file="/Users/yosef/Documents/Projects/Eaglepoint/TASK-req_f1d20d3ece96/repo/unit_tests/services/SearchServiceTest.php" line="35" class="tests\services\SearchServiceTest" classname="tests.services.SearchServiceTest" assertions="3" time="0.001152"/>
        <testcase name="testSearchWithSingleQuoteInQueryDoesNotThrow" file="/Users/yosef/Documents/Projects/Eaglepoint/TASK-req_f1d20d3ece96/repo/unit_tests/services/SearchServiceTest.php" line="57" class="tests\services\SearchServiceTest" classname="tests.services.SearchServiceTest" assertions="1" time="0.000741"/>
        <testcase name="testSearchSortsByReplyCount" file="/Users/yosef/Documents/Projects/Eaglepoint/TASK-req_f1d20d3ece96/repo/unit_tests/services/SearchServiceTest.php" line="102" class="tests\services\SearchServiceTest" classname="tests.services.SearchServiceTest" assertions="1" time="0.001026"/>
        <testcase name="testCleanupRemovesOrphanedIndexEntriesOlderThan7Days" file="/Users/yosef/Documents/Projects/Eaglepoint/TASK-req_f1d20d3ece96/repo/unit_tests/services/SearchServiceTest.php" line="199" class="tests\services\SearchServiceTest" classname="tests.services.SearchServiceTest" assertions="3" time="0.001286"/>
        <testcase name="testSearchWithWildcardPayloadDoesNotThrow" file="/Users/yosef/Documents/Projects/Eaglepoint/TASK-req_f1d20d3ece96/repo/unit_tests/services/SearchServiceTest.php" line="50" class="tests\services\SearchServiceTest" classname="tests.services.SearchServiceTest" assertions="2" time="0.001815"/>
        <testcase name="testSearchWithDropTablePayloadReturnsValidArray" file="/Users/yosef/Documents/Projects/Eaglepoint/TASK-req_f1d20d3ece96/repo/unit_tests/services/SearchServiceTest.php" line="43" class="tests\services\SearchServiceTest" classname="tests.services.SearchServiceTest" assertions="2" time="0.004632"/>
        <testcase name="testIndexCreatesNewEntry" file="/Users/yosef/Documents/Projects/Eaglepoint/TASK-req_f1d20d3ece96/repo/unit_tests/services/SearchServiceTest.php" line="136" class="tests\services\SearchServiceTest" classname="tests.services.SearchServiceTest" assertions="2" time="0.000318"/>
        <testcase name="testIndexUpdatesExistingEntry" file="/Users/yosef/Documents/Projects/Eaglepoint/TASK-req_f1d20d3ece96/repo/unit_tests/services/SearchServiceTest.php" line="145" class="tests\services\SearchServiceTest" classname="tests.services.SearchServiceTest" assertions="1" time="0.000437"/>
        <testcase name="testRemoveDeletesEntry" file="/Users/yosef/Documents/Projects/Eaglepoint/TASK-req_f1d20d3ece96/repo/unit_tests/services/SearchServiceTest.php" line="154" class="tests\services\SearchServiceTest" classname="tests.services.SearchServiceTest" assertions="1" time="0.000313"/>
        <testcase name="testSuggestReturnsTitleMatches" file="/Users/yosef/Documents/Projects/Eaglepoint/TASK-req_f1d20d3ece96/repo/unit_tests/services/SearchServiceTest.php" line="167" class="tests\services\SearchServiceTest" classname="tests.services.SearchServiceTest" assertions="1" time="0.000324"/>
        <testcase name="testRebuildReindexesAllEntities" file="/Users/yosef/Documents/Projects/Eaglepoint/TASK-req_f1d20d3ece96/repo/unit_tests/services/SearchServiceTest.php" line="241" class="tests\services\SearchServiceTest" classname="tests.services.SearchServiceTest" assertions="2" time="0.000820"/>
        <testcase name="testSearchSortsByPopularity" file="/Users/yosef/Documents/Projects/Eaglepoint/TASK-req_f1d20d3ece96/repo/unit_tests/services/SearchServiceTest.php" line="96" class="tests\services\SearchServiceTest" classname="tests.services.SearchServiceTest" assertions="1" time="0.001491"/>
        <testcase name="testSearchLogisticsSortsByTracking" file="/Users/yosef/Documents/Projects/Eaglepoint/TASK-req_f1d20d3ece96/repo/unit_tests/services/SearchServiceTest.php" line="331" class="tests\services\SearchServiceTest" classname="tests.services.SearchServiceTest" assertions="1" time="0.001720"/>
        <testcase name="testGetDidYouMeanReturnsNullWhenNoSuggestion" file="/Users/yosef/Documents/Projects/Eaglepoint/TASK-req_f1d20d3ece96/repo/unit_tests/services/SearchServiceTest.php" line="278" class="tests\services\SearchServiceTest" classname="tests.services.SearchServiceTest" assertions="1" time="0.002502"/>
        <testcase name="testSearchFindsIndexedContent" file="/Users/yosef/Documents/Projects/Eaglepoint/TASK-req_f1d20d3ece96/repo/unit_tests/services/SearchServiceTest.php" line="67" class="tests\services\SearchServiceTest" classname="tests.services.SearchServiceTest" assertions="1" time="0.003432"/>
        <testcase name="testSearchSortsByRecency" file="/Users/yosef/Documents/Projects/Eaglepoint/TASK-req_f1d20d3ece96/repo/unit_tests/services/SearchServiceTest.php" line="87" class="tests\services\SearchServiceTest" classname="tests.services.SearchServiceTest" assertions="2" time="0.003528"/>
        <testcase name="testSearchReturnsHighlights" file="/Users/yosef/Documents/Projects/Eaglepoint/TASK-req_f1d20d3ece96/repo/unit_tests/services/SearchServiceTest.php" line="108" class="tests\services\SearchServiceTest" classname="tests.services.SearchServiceTest" assertions="1" time="0.003963"/>
        <testcase name="testSearchWithoutHighlights" file="/Users/yosef/Documents/Projects/Eaglepoint/TASK-req_f1d20d3ece96/repo/unit_tests/services/SearchServiceTest.php" line="120" class="tests\services\SearchServiceTest" classname="tests.services.SearchServiceTest" assertions="1" time="0.004471"/>
        <testcase name="testSearchLogisticsFiltersByOrderType" file="/Users/yosef/Documents/Projects/Eaglepoint/TASK-req_f1d20d3ece96/repo/unit_tests/services/SearchServiceTest.php" line="180" class="tests\services\SearchServiceTest" classname="tests.services.SearchServiceTest" assertions="1" time="0.004419"/>
        <testcase name="testHighlightsEscapeHtmlContent" file="/Users/yosef/Documents/Projects/Eaglepoint/TASK-req_f1d20d3ece96/repo/unit_tests/services/SearchServiceTest.php" line="304" class="tests\services\SearchServiceTest" classname="tests.services.SearchServiceTest" assertions="1" time="0.004385"/>
        <testcase name="testSearchLogisticsSortsByPopularity" file="/Users/yosef/Documents/Projects/Eaglepoint/TASK-req_f1d20d3ece96/repo/unit_tests/services/SearchServiceTest.php" line="323" class="tests\services\SearchServiceTest" classname="tests.services.SearchServiceTest" assertions="1" time="0.005081"/>
        <testcase name="testSearchResultsEscapeHtmlInTitleAndBody" file="/Users/yosef/Documents/Projects/Eaglepoint/TASK-req_f1d20d3ece96/repo/unit_tests/services/SearchServiceTest.php" line="289" class="tests\services\SearchServiceTest" classname="tests.services.SearchServiceTest" assertions="3" time="0.005883"/>
        <testcase name="testSearchFiltersByEntityType" file="/Users/yosef/Documents/Projects/Eaglepoint/TASK-req_f1d20d3ece96/repo/unit_tests/services/SearchServiceTest.php" line="76" class="tests\services\SearchServiceTest" classname="tests.services.SearchServiceTest" assertions="2" time="0.007325"/>
      </testsuite>
      <testsuite name="tests\services\ViolationServiceTest" file="/Users/yosef/Documents/Projects/Eaglepoint/TASK-req_f1d20d3ece96/repo/unit_tests/services/ViolationServiceTest.php" tests="26" assertions="49" errors="0" failures="0" skipped="0" time="0.391588">
        <testcase name="testGetViolationThrows403ForRegularUserAccessingOthersViolation" file="/Users/yosef/Documents/Projects/Eaglepoint/TASK-req_f1d20d3ece96/repo/unit_tests/services/ViolationServiceTest.php" line="76" class="tests\services\ViolationServiceTest" classname="tests.services.ViolationServiceTest" assertions="2" time="0.001617"/>
        <testcase name="testGetViolationSucceedsForOwner" file="/Users/yosef/Documents/Projects/Eaglepoint/TASK-req_f1d20d3ece96/repo/unit_tests/services/ViolationServiceTest.php" line="84" class="tests\services\ViolationServiceTest" classname="tests.services.ViolationServiceTest" assertions="2" time="0.000501"/>
        <testcase name="testGetViolationSucceedsForAdministrator" file="/Users/yosef/Documents/Projects/Eaglepoint/TASK-req_f1d20d3ece96/repo/unit_tests/services/ViolationServiceTest.php" line="92" class="tests\services\ViolationServiceTest" classname="tests.services.ViolationServiceTest" assertions="1" time="0.000477"/>
        <testcase name="testListRulesReturnsAllRules" file="/Users/yosef/Documents/Projects/Eaglepoint/TASK-req_f1d20d3ece96/repo/unit_tests/services/ViolationServiceTest.php" line="110" class="tests\services\ViolationServiceTest" classname="tests.services.ViolationServiceTest" assertions="2" time="0.000321"/>
        <testcase name="testGetUserViolationsReturnsTotalPoints" file="/Users/yosef/Documents/Projects/Eaglepoint/TASK-req_f1d20d3ece96/repo/unit_tests/services/ViolationServiceTest.php" line="211" class="tests\services\ViolationServiceTest" classname="tests.services.ViolationServiceTest" assertions="2" time="0.000660"/>
        <testcase name="testGetUserViolationsExcludesRejected" file="/Users/yosef/Documents/Projects/Eaglepoint/TASK-req_f1d20d3ece96/repo/unit_tests/services/ViolationServiceTest.php" line="221" class="tests\services\ViolationServiceTest" classname="tests.services.ViolationServiceTest" assertions="2" time="0.000647"/>
        <testcase name="testListViolationsForRegularUserReturnsOnlyOwnViolations" file="/Users/yosef/Documents/Projects/Eaglepoint/TASK-req_f1d20d3ece96/repo/unit_tests/services/ViolationServiceTest.php" line="49" class="tests\services\ViolationServiceTest" classname="tests.services.ViolationServiceTest" assertions="3" time="0.000763"/>
        <testcase name="testListViolationsForAdminReturnsAll" file="/Users/yosef/Documents/Projects/Eaglepoint/TASK-req_f1d20d3ece96/repo/unit_tests/services/ViolationServiceTest.php" line="63" class="tests\services\ViolationServiceTest" classname="tests.services.ViolationServiceTest" assertions="2" time="0.000659"/>
        <testcase name="testGetGroupViolationsAggregatesMemberPoints" file="/Users/yosef/Documents/Projects/Eaglepoint/TASK-req_f1d20d3ece96/repo/unit_tests/services/ViolationServiceTest.php" line="233" class="tests\services\ViolationServiceTest" classname="tests.services.ViolationServiceTest" assertions="2" time="0.001058"/>
        <testcase name="testFinalDecisionRejectRejectsViolation" file="/Users/yosef/Documents/Projects/Eaglepoint/TASK-req_f1d20d3ece96/repo/unit_tests/services/ViolationServiceTest.php" line="363" class="tests\services\ViolationServiceTest" classname="tests.services.ViolationServiceTest" assertions="1" time="0.189598"/>
        <testcase name="testCreateViolationAssignsRulePoints" file="/Users/yosef/Documents/Projects/Eaglepoint/TASK-req_f1d20d3ece96/repo/unit_tests/services/ViolationServiceTest.php" line="184" class="tests\services\ViolationServiceTest" classname="tests.services.ViolationServiceTest" assertions="2" time="0.188898"/>
        <testcase name="testGetViolationThrows404WhenNotFound" file="/Users/yosef/Documents/Projects/Eaglepoint/TASK-req_f1d20d3ece96/repo/unit_tests/services/ViolationServiceTest.php" line="99" class="tests\services\ViolationServiceTest" classname="tests.services.ViolationServiceTest" assertions="2" time="0.000272"/>
        <testcase name="testGetRuleReturnsRule" file="/Users/yosef/Documents/Projects/Eaglepoint/TASK-req_f1d20d3ece96/repo/unit_tests/services/ViolationServiceTest.php" line="118" class="tests\services\ViolationServiceTest" classname="tests.services.ViolationServiceTest" assertions="2" time="0.000267"/>
        <testcase name="testGetRuleThrows404WhenNotFound" file="/Users/yosef/Documents/Projects/Eaglepoint/TASK-req_f1d20d3ece96/repo/unit_tests/services/ViolationServiceTest.php" line="125" class="tests\services\ViolationServiceTest" classname="tests.services.ViolationServiceTest" assertions="2" time="0.000253"/>
        <testcase name="testCreateRuleReturnsNewRule" file="/Users/yosef/Documents/Projects/Eaglepoint/TASK-req_f1d20d3ece96/repo/unit_tests/services/ViolationServiceTest.php" line="132" class="tests\services\ViolationServiceTest" classname="tests.services.ViolationServiceTest" assertions="3" time="0.000311"/>
        <testcase name="testCreateRuleThrowsWhenNameMissing" file="/Users/yosef/Documents/Projects/Eaglepoint/TASK-req_f1d20d3ece96/repo/unit_tests/services/ViolationServiceTest.php" line="148" class="tests\services\ViolationServiceTest" classname="tests.services.ViolationServiceTest" assertions="2" time="0.000228"/>
        <testcase name="testUpdateRuleModifiesFields" file="/Users/yosef/Documents/Projects/Eaglepoint/TASK-req_f1d20d3ece96/repo/unit_tests/services/ViolationServiceTest.php" line="156" class="tests\services\ViolationServiceTest" classname="tests.services.ViolationServiceTest" assertions="1" time="0.000400"/>
        <testcase name="testDeleteRuleRemovesRule" file="/Users/yosef/Documents/Projects/Eaglepoint/TASK-req_f1d20d3ece96/repo/unit_tests/services/ViolationServiceTest.php" line="166" class="tests\services\ViolationServiceTest" classname="tests.services.ViolationServiceTest" assertions="1" time="0.000353"/>
        <testcase name="testCreateViolationThrowsWhenMissingFields" file="/Users/yosef/Documents/Projects/Eaglepoint/TASK-req_f1d20d3ece96/repo/unit_tests/services/ViolationServiceTest.php" line="199" class="tests\services\ViolationServiceTest" classname="tests.services.ViolationServiceTest" assertions="2" time="0.000226"/>
        <testcase name="testSubmitAppealChangesStatusToUnderReview" file="/Users/yosef/Documents/Projects/Eaglepoint/TASK-req_f1d20d3ece96/repo/unit_tests/services/ViolationServiceTest.php" line="266" class="tests\services\ViolationServiceTest" classname="tests.services.ViolationServiceTest" assertions="3" time="0.000576"/>
        <testcase name="testSubmitAppealThrows403ForNonOwner" file="/Users/yosef/Documents/Projects/Eaglepoint/TASK-req_f1d20d3ece96/repo/unit_tests/services/ViolationServiceTest.php" line="281" class="tests\services\ViolationServiceTest" classname="tests.services.ViolationServiceTest" assertions="2" time="0.000372"/>
        <testcase name="testSubmitAppealSucceedsForAdmin" file="/Users/yosef/Documents/Projects/Eaglepoint/TASK-req_f1d20d3ece96/repo/unit_tests/services/ViolationServiceTest.php" line="293" class="tests\services\ViolationServiceTest" classname="tests.services.ViolationServiceTest" assertions="1" time="0.000541"/>
        <testcase name="testReviewAppealThrowsWithoutPermission" file="/Users/yosef/Documents/Projects/Eaglepoint/TASK-req_f1d20d3ece96/repo/unit_tests/services/ViolationServiceTest.php" line="321" class="tests\services\ViolationServiceTest" classname="tests.services.ViolationServiceTest" assertions="2" time="0.000551"/>
        <testcase name="testReviewAppealThrowsWhenNotesEmpty" file="/Users/yosef/Documents/Projects/Eaglepoint/TASK-req_f1d20d3ece96/repo/unit_tests/services/ViolationServiceTest.php" line="334" class="tests\services\ViolationServiceTest" classname="tests.services.ViolationServiceTest" assertions="2" time="0.000545"/>
        <testcase name="testReviewAppealSetsReviewerInfo" file="/Users/yosef/Documents/Projects/Eaglepoint/TASK-req_f1d20d3ece96/repo/unit_tests/services/ViolationServiceTest.php" line="304" class="tests\services\ViolationServiceTest" classname="tests.services.ViolationServiceTest" assertions="2" time="0.000675"/>
        <testcase name="testFinalDecisionUpholdApprovesViolation" file="/Users/yosef/Documents/Projects/Eaglepoint/TASK-req_f1d20d3ece96/repo/unit_tests/services/ViolationServiceTest.php" line="347" class="tests\services\ViolationServiceTest" classname="tests.services.ViolationServiceTest" assertions="1" time="0.000816"/>
      </testsuite>
      <testsuite name="tests\services\DashboardServiceTest" file="/Users/yosef/Documents/Projects/Eaglepoint/TASK-req_f1d20d3ece96/repo/unit_tests/services/DashboardServiceTest.php" tests="7" assertions="14" errors="0" failures="0" skipped="0" time="0.002881">
        <testcase name="testGetCustomReturnsLayoutFieldWhenEmpty" file="/Users/yosef/Documents/Projects/Eaglepoint/TASK-req_f1d20d3ece96/repo/unit_tests/services/DashboardServiceTest.php" line="33" class="tests\services\DashboardServiceTest" classname="tests.services.DashboardServiceTest" assertions="2" time="0.000981"/>
        <testcase name="testSaveCustomWithLayoutFieldPersistsCorrectly" file="/Users/yosef/Documents/Projects/Eaglepoint/TASK-req_f1d20d3ece96/repo/unit_tests/services/DashboardServiceTest.php" line="40" class="tests\services\DashboardServiceTest" classname="tests.services.DashboardServiceTest" assertions="2" time="0.000268"/>
        <testcase name="testGetCustomReturnsLayoutAfterSave" file="/Users/yosef/Documents/Projects/Eaglepoint/TASK-req_f1d20d3ece96/repo/unit_tests/services/DashboardServiceTest.php" line="49" class="tests\services\DashboardServiceTest" classname="tests.services.DashboardServiceTest" assertions="2" time="0.000304"/>
        <testcase name="testSaveCustomWithNameFieldWorks" file="/Users/yosef/Documents/Projects/Eaglepoint/TASK-req_f1d20d3ece96/repo/unit_tests/services/DashboardServiceTest.php" line="59" class="tests\services\DashboardServiceTest" classname="tests.services.DashboardServiceTest" assertions="1" time="0.000220"/>
        <testcase name="testSaveCustomUpsertsExistingDashboard" file="/Users/yosef/Documents/Projects/Eaglepoint/TASK-req_f1d20d3ece96/repo/unit_tests/services/DashboardServiceTest.php" line="69" class="tests\services\DashboardServiceTest" classname="tests.services.DashboardServiceTest" assertions="2" time="0.000421"/>
        <testcase name="testDeleteCustomRemovesDashboard" file="/Users/yosef/Documents/Projects/Eaglepoint/TASK-req_f1d20d3ece96/repo/unit_tests/services/DashboardServiceTest.php" line="81" class="tests\services\DashboardServiceTest" classname="tests.services.DashboardServiceTest" assertions="1" time="0.000272"/>
        <testcase name="testGetDefaultReturnsWidgetsStructure" file="/Users/yosef/Documents/Projects/Eaglepoint/TASK-req_f1d20d3ece96/repo/unit_tests/services/DashboardServiceTest.php" line="94" class="tests\services\DashboardServiceTest" classname="tests.services.DashboardServiceTest" assertions="4" time="0.000414"/>
      </testsuite>
      <testsuite name="tests\services\ShipmentServiceTest" file="/Users/yosef/Documents/Projects/Eaglepoint/TASK-req_f1d20d3ece96/repo/unit_tests/services/ShipmentServiceTest.php" tests="7" assertions="14" errors="0" failures="0" skipped="0" time="0.004388">
        <testcase name="testShipmentServiceCanBeInstantiated" file="/Users/yosef/Documents/Projects/Eaglepoint/TASK-req_f1d20d3ece96/repo/unit_tests/services/ShipmentServiceTest.php" line="41" class="tests\services\ShipmentServiceTest" classname="tests.services.ShipmentServiceTest" assertions="1" time="0.000895"/>
        <testcase name="testCreateShipmentReturnsValidStructure" file="/Users/yosef/Documents/Projects/Eaglepoint/TASK-req_f1d20d3ece96/repo/unit_tests/services/ShipmentServiceTest.php" line="50" class="tests\services\ShipmentServiceTest" classname="tests.services.ShipmentServiceTest" assertions="5" time="0.000772"/>
        <testcase name="testGetShipmentThrows404ForNonexistent" file="/Users/yosef/Documents/Projects/Eaglepoint/TASK-req_f1d20d3ece96/repo/unit_tests/services/ShipmentServiceTest.php" line="79" class="tests\services\ShipmentServiceTest" classname="tests.services.ShipmentServiceTest" assertions="2" time="0.000233"/>
        <testcase name="testProcessScanCreatesScanEvent" file="/Users/yosef/Documents/Projects/Eaglepoint/TASK-req_f1d20d3ece96/repo/unit_tests/services/ShipmentServiceTest.php" line="90" class="tests\services\ShipmentServiceTest" classname="tests.services.ShipmentServiceTest" assertions="2" time="0.000465"/>
        <testcase name="testReportExceptionUpdatesStatusToException" file="/Users/yosef/Documents/Projects/Eaglepoint/TASK-req_f1d20d3ece96/repo/unit_tests/services/ShipmentServiceTest.php" line="119" class="tests\services\ShipmentServiceTest" classname="tests.services.ShipmentServiceTest" assertions="2" time="0.000497"/>
        <testcase name="testGetShipmentReturnsShipment" file="/Users/yosef/Documents/Projects/Eaglepoint/TASK-req_f1d20d3ece96/repo/unit_tests/services/ShipmentServiceTest.php" line="71" class="tests\services\ShipmentServiceTest" classname="tests.services.ShipmentServiceTest" assertions="1" time="0.000351"/>
        <testcase name="testConfirmDeliveryUpdatesStatus" file="/Users/yosef/Documents/Projects/Eaglepoint/TASK-req_f1d20d3ece96/repo/unit_tests/services/ShipmentServiceTest.php" line="105" class="tests\services\ShipmentServiceTest" classname="tests.services.ShipmentServiceTest" assertions="1" time="0.001174"/>
      </testsuite>
    </testsuite>
    <testsuite name="api" tests="39" assertions="66" errors="0" failures="0" skipped="0" time="10.605564">
      <testsuite name="tests\api\AuthApiTest" file="/Users/yosef/Documents/Projects/Eaglepoint/TASK-req_f1d20d3ece96/repo/API_tests/AuthApiTest.php" tests="10" assertions="21" errors="0" failures="0" skipped="0" time="2.096009">
        <testcase name="testValidateTokenReturnsNullForInvalidToken" file="/Users/yosef/Documents/Projects/Eaglepoint/TASK-req_f1d20d3ece96/repo/API_tests/AuthApiTest.php" line="118" class="tests\api\AuthApiTest" classname="tests.api.AuthApiTest" assertions="1" time="0.000682"/>
        <testcase name="testLogoutInvalidatesSession" file="/Users/yosef/Documents/Projects/Eaglepoint/TASK-req_f1d20d3ece96/repo/API_tests/AuthApiTest.php" line="96" class="tests\api\AuthApiTest" classname="tests.api.AuthApiTest" assertions="1" time="0.190247"/>
        <testcase name="testLoginThrowsForLockedAccount" file="/Users/yosef/Documents/Projects/Eaglepoint/TASK-req_f1d20d3ece96/repo/API_tests/AuthApiTest.php" line="44" class="tests\api\AuthApiTest" classname="tests.api.AuthApiTest" assertions="2" time="0.190509"/>
        <testcase name="testValidateTokenReturnsUserForValidToken" file="/Users/yosef/Documents/Projects/Eaglepoint/TASK-req_f1d20d3ece96/repo/API_tests/AuthApiTest.php" line="107" class="tests\api\AuthApiTest" classname="tests.api.AuthApiTest" assertions="2" time="0.190682"/>
        <testcase name="testUnlockAccountResetsFailedAttempts" file="/Users/yosef/Documents/Projects/Eaglepoint/TASK-req_f1d20d3ece96/repo/API_tests/AuthApiTest.php" line="125" class="tests\api\AuthApiTest" classname="tests.api.AuthApiTest" assertions="2" time="0.192862"/>
        <testcase name="testLoginReturnsUserAndTokenOnSuccess" file="/Users/yosef/Documents/Projects/Eaglepoint/TASK-req_f1d20d3ece96/repo/API_tests/AuthApiTest.php" line="56" class="tests\api\AuthApiTest" classname="tests.api.AuthApiTest" assertions="6" time="0.377859"/>
        <testcase name="testLoginLocksAfterFiveFailedAttempts" file="/Users/yosef/Documents/Projects/Eaglepoint/TASK-req_f1d20d3ece96/repo/API_tests/AuthApiTest.php" line="84" class="tests\api\AuthApiTest" classname="tests.api.AuthApiTest" assertions="2" time="0.386553"/>
        <testcase name="testLoginReturnsInvalidCredentialsForUnknownUser" file="/Users/yosef/Documents/Projects/Eaglepoint/TASK-req_f1d20d3ece96/repo/API_tests/AuthApiTest.php" line="26" class="tests\api\AuthApiTest" classname="tests.api.AuthApiTest" assertions="2" time="0.000262"/>
        <testcase name="testLoginThrowsForDisabledAccount" file="/Users/yosef/Documents/Projects/Eaglepoint/TASK-req_f1d20d3ece96/repo/API_tests/AuthApiTest.php" line="34" class="tests\api\AuthApiTest" classname="tests.api.AuthApiTest" assertions="2" time="0.188608"/>
        <testcase name="testLoginIncrementsFailedAttemptsOnWrongPassword" file="/Users/yosef/Documents/Projects/Eaglepoint/TASK-req_f1d20d3ece96/repo/API_tests/AuthApiTest.php" line="70" class="tests\api\AuthApiTest" classname="tests.api.AuthApiTest" assertions="1" time="0.377744"/>
      </testsuite>
      <testsuite name="tests\api\HttpMiddlewareTest" file="/Users/yosef/Documents/Projects/Eaglepoint/TASK-req_f1d20d3ece96/repo/API_tests/HttpMiddlewareTest.php" tests="10" assertions="18" errors="0" failures="0" skipped="0" time="1.138351">
        <testcase name="testOperationsStaffCannotAccessUsersRead" file="/Users/yosef/Documents/Projects/Eaglepoint/TASK-req_f1d20d3ece96/repo/API_tests/HttpMiddlewareTest.php" line="177" class="tests\api\HttpMiddlewareTest" classname="tests.api.HttpMiddlewareTest" assertions="1" time="0.192464"/>
        <testcase name="testAuthMiddlewarePassesThroughForValidActiveToken" file="/Users/yosef/Documents/Projects/Eaglepoint/TASK-req_f1d20d3ece96/repo/API_tests/HttpMiddlewareTest.php" line="90" class="tests\api\HttpMiddlewareTest" classname="tests.api.HttpMiddlewareTest" assertions="4" time="0.188774"/>
        <testcase name="testRbacMiddlewareReturns403WhenUserLacksPermission" file="/Users/yosef/Documents/Projects/Eaglepoint/TASK-req_f1d20d3ece96/repo/API_tests/HttpMiddlewareTest.php" line="126" class="tests\api\HttpMiddlewareTest" classname="tests.api.HttpMiddlewareTest" assertions="3" time="0.189062"/>
        <testcase name="testAuthMiddlewareReturns401WithNoAuthorizationHeader" file="/Users/yosef/Documents/Projects/Eaglepoint/TASK-req_f1d20d3ece96/repo/API_tests/HttpMiddlewareTest.php" line="47" class="tests\api\HttpMiddlewareTest" classname="tests.api.HttpMiddlewareTest" assertions="2" time="0.000367"/>
        <testcase name="testAuthMiddlewareReturns401WithMalformedHeader" file="/Users/yosef/Documents/Projects/Eaglepoint/TASK-req_f1d20d3ece96/repo/API_tests/HttpMiddlewareTest.php" line="57" class="tests\api\HttpMiddlewareTest" classname="tests.api.HttpMiddlewareTest" assertions="1" time="0.000335"/>
        <testcase name="testAuthMiddlewareReturns401WithInvalidBearerToken" file="/Users/yosef/Documents/Projects/Eaglepoint/TASK-req_f1d20d3ece96/repo/API_tests/HttpMiddlewareTest.php" line="67" class="tests\api\HttpMiddlewareTest" classname="tests.api.HttpMiddlewareTest" assertions="1" time="0.000376"/>
        <testcase name="testRbacMiddlewareReturns401WhenNoUserAttachedToRequest" file="/Users/yosef/Documents/Projects/Eaglepoint/TASK-req_f1d20d3ece96/repo/API_tests/HttpMiddlewareTest.php" line="116" class="tests\api\HttpMiddlewareTest" classname="tests.api.HttpMiddlewareTest" assertions="1" time="0.000317"/>
        <testcase name="testRbacMiddlewarePassesThroughWhenUserHasPermission" file="/Users/yosef/Documents/Projects/Eaglepoint/TASK-req_f1d20d3ece96/repo/API_tests/HttpMiddlewareTest.php" line="140" class="tests\api\HttpMiddlewareTest" classname="tests.api.HttpMiddlewareTest" assertions="2" time="0.189751"/>
        <testcase name="testRbacMiddlewarePassesThroughWithNoPermissionRequired" file="/Users/yosef/Documents/Projects/Eaglepoint/TASK-req_f1d20d3ece96/repo/API_tests/HttpMiddlewareTest.php" line="158" class="tests\api\HttpMiddlewareTest" classname="tests.api.HttpMiddlewareTest" assertions="2" time="0.188380"/>
        <testcase name="testAuthMiddlewareReturns403ForInactiveUser" file="/Users/yosef/Documents/Projects/Eaglepoint/TASK-req_f1d20d3ece96/repo/API_tests/HttpMiddlewareTest.php" line="77" class="tests\api\HttpMiddlewareTest" classname="tests.api.HttpMiddlewareTest" assertions="1" time="0.188525"/>
      </testsuite>
      <testsuite name="tests\api\ObjectAuthTest" file="/Users/yosef/Documents/Projects/Eaglepoint/TASK-req_f1d20d3ece96/repo/API_tests/ObjectAuthTest.php" tests="11" assertions="18" errors="0" failures="0" skipped="0" time="6.236505">
        <testcase name="testAdminCanUpdateAnyStaffing" file="/Users/yosef/Documents/Projects/Eaglepoint/TASK-req_f1d20d3ece96/repo/API_tests/ObjectAuthTest.php" line="174" class="tests\api\ObjectAuthTest" classname="tests.api.ObjectAuthTest" assertions="1" time="0.569473"/>
        <testcase name="testAdminCanUpdateAnyTask" file="/Users/yosef/Documents/Projects/Eaglepoint/TASK-req_f1d20d3ece96/repo/API_tests/ObjectAuthTest.php" line="107" class="tests\api\ObjectAuthTest" classname="tests.api.ObjectAuthTest" assertions="1" time="0.565271"/>
        <testcase name="testAdminCanDeleteAnyChecklist" file="/Users/yosef/Documents/Projects/Eaglepoint/TASK-req_f1d20d3ece96/repo/API_tests/ObjectAuthTest.php" line="140" class="tests\api\ObjectAuthTest" classname="tests.api.ObjectAuthTest" assertions="1" time="0.573691"/>
        <testcase name="testOwnerCanUpdateOwnActivityTask" file="/Users/yosef/Documents/Projects/Eaglepoint/TASK-req_f1d20d3ece96/repo/API_tests/ObjectAuthTest.php" line="98" class="tests\api\ObjectAuthTest" classname="tests.api.ObjectAuthTest" assertions="1" time="0.567295"/>
        <testcase name="testNonOwnerCannotDeleteChecklistInAnotherUsersActivity" file="/Users/yosef/Documents/Projects/Eaglepoint/TASK-req_f1d20d3ece96/repo/API_tests/ObjectAuthTest.php" line="130" class="tests\api\ObjectAuthTest" classname="tests.api.ObjectAuthTest" assertions="2" time="0.566424"/>
        <testcase name="testNonOwnerCannotUpdateTaskInAnotherUsersActivity" file="/Users/yosef/Documents/Projects/Eaglepoint/TASK-req_f1d20d3ece96/repo/API_tests/ObjectAuthTest.php" line="68" class="tests\api\ObjectAuthTest" classname="tests.api.ObjectAuthTest" assertions="2" time="0.564996"/>
        <testcase name="testNonOwnerCannotDeleteTaskInAnotherUsersActivity" file="/Users/yosef/Documents/Projects/Eaglepoint/TASK-req_f1d20d3ece96/repo/API_tests/ObjectAuthTest.php" line="78" class="tests\api\ObjectAuthTest" classname="tests.api.ObjectAuthTest" assertions="2" time="0.568233"/>
        <testcase name="testNonOwnerCannotUpdateTaskStatus" file="/Users/yosef/Documents/Projects/Eaglepoint/TASK-req_f1d20d3ece96/repo/API_tests/ObjectAuthTest.php" line="88" class="tests\api\ObjectAuthTest" classname="tests.api.ObjectAuthTest" assertions="2" time="0.565696"/>
        <testcase name="testNonOwnerCannotUpdateChecklistInAnotherUsersActivity" file="/Users/yosef/Documents/Projects/Eaglepoint/TASK-req_f1d20d3ece96/repo/API_tests/ObjectAuthTest.php" line="120" class="tests\api\ObjectAuthTest" classname="tests.api.ObjectAuthTest" assertions="2" time="0.565481"/>
        <testcase name="testNonOwnerCannotUpdateStaffingInAnotherUsersActivity" file="/Users/yosef/Documents/Projects/Eaglepoint/TASK-req_f1d20d3ece96/repo/API_tests/ObjectAuthTest.php" line="154" class="tests\api\ObjectAuthTest" classname="tests.api.ObjectAuthTest" assertions="2" time="0.564655"/>
        <testcase name="testNonOwnerCannotDeleteStaffingInAnotherUsersActivity" file="/Users/yosef/Documents/Projects/Eaglepoint/TASK-req_f1d20d3ece96/repo/API_tests/ObjectAuthTest.php" line="164" class="tests\api\ObjectAuthTest" classname="tests.api.ObjectAuthTest" assertions="2" time="0.565291"/>
      </testsuite>
      <testsuite name="tests\api\OrderApiTest" file="/Users/yosef/Documents/Projects/Eaglepoint/TASK-req_f1d20d3ece96/repo/API_tests/OrderApiTest.php" tests="3" assertions="4" errors="0" failures="0" skipped="0" time="0.567768">
        <testcase name="testReviewerCanGetOrderByIdNotOwnedByThem" file="/Users/yosef/Documents/Projects/Eaglepoint/TASK-req_f1d20d3ece96/repo/API_tests/OrderApiTest.php" line="52" class="tests\api\OrderApiTest" classname="tests.api.OrderApiTest" assertions="2" time="0.189634"/>
        <testcase name="testRegularUserCannotSeeOtherUsersOrders" file="/Users/yosef/Documents/Projects/Eaglepoint/TASK-req_f1d20d3ece96/repo/API_tests/OrderApiTest.php" line="67" class="tests\api\OrderApiTest" classname="tests.api.OrderApiTest" assertions="1" time="0.189330"/>
        <testcase name="testReviewerCanListAllOrders" file="/Users/yosef/Documents/Projects/Eaglepoint/TASK-req_f1d20d3ece96/repo/API_tests/OrderApiTest.php" line="39" class="tests\api\OrderApiTest" classname="tests.api.OrderApiTest" assertions="1" time="0.188804"/>
      </testsuite>
      <testsuite name="tests\api\RbacApiTest" file="/Users/yosef/Documents/Projects/Eaglepoint/TASK-req_f1d20d3ece96/repo/API_tests/RbacApiTest.php" tests="5" assertions="5" errors="0" failures="0" skipped="0" time="0.566930">
        <testcase name="testUnauthenticatedTokenValidationReturnsNull" file="/Users/yosef/Documents/Projects/Eaglepoint/TASK-req_f1d20d3ece96/repo/API_tests/RbacApiTest.php" line="65" class="tests\api\RbacApiTest" classname="tests.api.RbacApiTest" assertions="1" time="0.000240"/>
        <testcase name="testEmptyTokenValidationReturnsNull" file="/Users/yosef/Documents/Projects/Eaglepoint/TASK-req_f1d20d3ece96/repo/API_tests/RbacApiTest.php" line="73" class="tests\api\RbacApiTest" classname="tests.api.RbacApiTest" assertions="1" time="0.000208"/>
        <testcase name="testRegularUserDoesNotHaveUsersReadPermission" file="/Users/yosef/Documents/Projects/Eaglepoint/TASK-req_f1d20d3ece96/repo/API_tests/RbacApiTest.php" line="38" class="tests\api\RbacApiTest" classname="tests.api.RbacApiTest" assertions="1" time="0.188109"/>
        <testcase name="testAdministratorHasUsersReadPermission" file="/Users/yosef/Documents/Projects/Eaglepoint/TASK-req_f1d20d3ece96/repo/API_tests/RbacApiTest.php" line="47" class="tests\api\RbacApiTest" classname="tests.api.RbacApiTest" assertions="1" time="0.189695"/>
        <testcase name="testRegularUserDoesNotHaveViolationRulesPermission" file="/Users/yosef/Documents/Projects/Eaglepoint/TASK-req_f1d20d3ece96/repo/API_tests/RbacApiTest.php" line="56" class="tests\api\RbacApiTest" classname="tests.api.RbacApiTest" assertions="1" time="0.188677"/>
      </testsuite>
    </testsuite>
    <testsuite name="e2e" tests="5" assertions="13" errors="0" failures="0" skipped="0" time="3.215621">
      <testsuite name="tests\e2e\AuthFlowTest" file="/Users/yosef/Documents/Projects/Eaglepoint/TASK-req_f1d20d3ece96/repo/e2e_tests/AuthFlowTest.php" tests="5" assertions="13" errors="0" failures="0" skipped="0" time="3.215621">
        <testcase name="testAccountRecoveryAfterLockout" file="/Users/yosef/Documents/Projects/Eaglepoint/TASK-req_f1d20d3ece96/repo/e2e_tests/AuthFlowTest.php" line="109" class="tests\e2e\AuthFlowTest" classname="tests.e2e.AuthFlowTest" assertions="2" time="0.191203"/>
        <testcase name="testFullAuthLifecycle" file="/Users/yosef/Documents/Projects/Eaglepoint/TASK-req_f1d20d3ece96/repo/e2e_tests/AuthFlowTest.php" line="37" class="tests\e2e\AuthFlowTest" classname="tests.e2e.AuthFlowTest" assertions="5" time="0.378260"/>
        <testcase name="testRoleBasedAccessInSession" file="/Users/yosef/Documents/Projects/Eaglepoint/TASK-req_f1d20d3ece96/repo/e2e_tests/AuthFlowTest.php" line="127" class="tests\e2e\AuthFlowTest" classname="tests.e2e.AuthFlowTest" assertions="2" time="0.755853"/>
        <testcase name="testMultipleUserSessions" file="/Users/yosef/Documents/Projects/Eaglepoint/TASK-req_f1d20d3ece96/repo/e2e_tests/AuthFlowTest.php" line="63" class="tests\e2e\AuthFlowTest" classname="tests.e2e.AuthFlowTest" assertions="3" time="0.763542"/>
        <testcase name="testLoginFailureIncrementSecurity" file="/Users/yosef/Documents/Projects/Eaglepoint/TASK-req_f1d20d3ece96/repo/e2e_tests/AuthFlowTest.php" line="88" class="tests\e2e\AuthFlowTest" classname="tests.e2e.AuthFlowTest" assertions="1" time="1.126763"/>
      </testsuite>
    </testsuite>
  </testsuite>
</testsuites>
