<?xml version="1.0" encoding="UTF-8"?>
<testsuites>
  <testsuite name="/Users/yosef/Documents/Projects/Eaglepoint/campusops/repo/phpunit.xml" tests="151" assertions="258" errors="0" failures="0" skipped="0" time="16.315988">
    <testsuite name="unit" tests="107" assertions="179" errors="0" failures="0" skipped="0" time="2.402391">
      <testsuite name="tests\services\ActivityServiceTest" file="/Users/yosef/Documents/Projects/Eaglepoint/campusops/repo/unit_tests/services/ActivityServiceTest.php" tests="24" assertions="44" errors="0" failures="0" skipped="0" time="0.033743">
        <testcase name="testListActivitiesReturnsOneRowPerGroupWhenMultipleVersionsExist" file="/Users/yosef/Documents/Projects/Eaglepoint/campusops/repo/unit_tests/services/ActivityServiceTest.php" line="34" class="tests\services\ActivityServiceTest" classname="tests.services.ActivityServiceTest" assertions="1" time="0.006179"/>
        <testcase name="testGetActivityReturnsMostRecentPublishedVersion" file="/Users/yosef/Documents/Projects/Eaglepoint/campusops/repo/unit_tests/services/ActivityServiceTest.php" line="115" class="tests\services\ActivityServiceTest" classname="tests.services.ActivityServiceTest" assertions="2" time="0.000875"/>
        <testcase name="testGetActivitySetsPendingDraftFlagWhenNewerDraftExists" file="/Users/yosef/Documents/Projects/Eaglepoint/campusops/repo/unit_tests/services/ActivityServiceTest.php" line="151" class="tests\services\ActivityServiceTest" classname="tests.services.ActivityServiceTest" assertions="1" time="0.000832"/>
        <testcase name="testGetActivityHasPendingDraftIsFalseWhenNoDraftExists" file="/Users/yosef/Documents/Projects/Eaglepoint/campusops/repo/unit_tests/services/ActivityServiceTest.php" line="186" class="tests\services\ActivityServiceTest" classname="tests.services.ActivityServiceTest" assertions="1" time="0.000619"/>
        <testcase name="testGetChangeLogRecordsChanges" file="/Users/yosef/Documents/Projects/Eaglepoint/campusops/repo/unit_tests/services/ActivityServiceTest.php" line="356" class="tests\services\ActivityServiceTest" classname="tests.services.ActivityServiceTest" assertions="3" time="0.003650"/>
        <testcase name="testGetVersionsReturnsAllVersions" file="/Users/yosef/Documents/Projects/Eaglepoint/campusops/repo/unit_tests/services/ActivityServiceTest.php" line="342" class="tests\services\ActivityServiceTest" classname="tests.services.ActivityServiceTest" assertions="3" time="0.001575"/>
        <testcase name="testListActivitiesLatestVersionIsShown" file="/Users/yosef/Documents/Projects/Eaglepoint/campusops/repo/unit_tests/services/ActivityServiceTest.php" line="72" class="tests\services\ActivityServiceTest" classname="tests.services.ActivityServiceTest" assertions="2" time="0.000648"/>
        <testcase name="testGetActivityThrows404WhenNotFound" file="/Users/yosef/Documents/Projects/Eaglepoint/campusops/repo/unit_tests/services/ActivityServiceTest.php" line="209" class="tests\services\ActivityServiceTest" classname="tests.services.ActivityServiceTest" assertions="2" time="0.000553"/>
        <testcase name="testCreateActivityReturnsActivityWithDraftState" file="/Users/yosef/Documents/Projects/Eaglepoint/campusops/repo/unit_tests/services/ActivityServiceTest.php" line="220" class="tests\services\ActivityServiceTest" classname="tests.services.ActivityServiceTest" assertions="3" time="0.000627"/>
        <testcase name="testCreateActivityThrowsWhenTitleIsMissing" file="/Users/yosef/Documents/Projects/Eaglepoint/campusops/repo/unit_tests/services/ActivityServiceTest.php" line="230" class="tests\services\ActivityServiceTest" classname="tests.services.ActivityServiceTest" assertions="2" time="0.000204"/>
        <testcase name="testUpdateDraftActivityModifiesExistingVersion" file="/Users/yosef/Documents/Projects/Eaglepoint/campusops/repo/unit_tests/services/ActivityServiceTest.php" line="243" class="tests\services\ActivityServiceTest" classname="tests.services.ActivityServiceTest" assertions="2" time="0.000962"/>
        <testcase name="testUpdatePublishedActivityCreatesNewVersion" file="/Users/yosef/Documents/Projects/Eaglepoint/campusops/repo/unit_tests/services/ActivityServiceTest.php" line="254" class="tests\services\ActivityServiceTest" classname="tests.services.ActivityServiceTest" assertions="3" time="0.001988"/>
        <testcase name="testPublishActivityTransitionsDraftToPublished" file="/Users/yosef/Documents/Projects/Eaglepoint/campusops/repo/unit_tests/services/ActivityServiceTest.php" line="271" class="tests\services\ActivityServiceTest" classname="tests.services.ActivityServiceTest" assertions="1" time="0.001187"/>
        <testcase name="testPublishThrowsWhenNotDraft" file="/Users/yosef/Documents/Projects/Eaglepoint/campusops/repo/unit_tests/services/ActivityServiceTest.php" line="281" class="tests\services\ActivityServiceTest" classname="tests.services.ActivityServiceTest" assertions="2" time="0.001103"/>
        <testcase name="testStartActivityTransitionsPublishedToInProgress" file="/Users/yosef/Documents/Projects/Eaglepoint/campusops/repo/unit_tests/services/ActivityServiceTest.php" line="292" class="tests\services\ActivityServiceTest" classname="tests.services.ActivityServiceTest" assertions="1" time="0.001195"/>
        <testcase name="testStartThrowsWhenNotPublished" file="/Users/yosef/Documents/Projects/Eaglepoint/campusops/repo/unit_tests/services/ActivityServiceTest.php" line="303" class="tests\services\ActivityServiceTest" classname="tests.services.ActivityServiceTest" assertions="2" time="0.000649"/>
        <testcase name="testCompleteActivityTransitionsInProgressToCompleted" file="/Users/yosef/Documents/Projects/Eaglepoint/campusops/repo/unit_tests/services/ActivityServiceTest.php" line="313" class="tests\services\ActivityServiceTest" classname="tests.services.ActivityServiceTest" assertions="1" time="0.001678"/>
        <testcase name="testSignupUserSucceedsForPublishedActivity" file="/Users/yosef/Documents/Projects/Eaglepoint/campusops/repo/unit_tests/services/ActivityServiceTest.php" line="374" class="tests\services\ActivityServiceTest" classname="tests.services.ActivityServiceTest" assertions="2" time="0.001106"/>
        <testcase name="testSignupThrowsWhenActivityNotPublished" file="/Users/yosef/Documents/Projects/Eaglepoint/campusops/repo/unit_tests/services/ActivityServiceTest.php" line="386" class="tests\services\ActivityServiceTest" classname="tests.services.ActivityServiceTest" assertions="2" time="0.000633"/>
        <testcase name="testSignupThrowsWhenAlreadySignedUp" file="/Users/yosef/Documents/Projects/Eaglepoint/campusops/repo/unit_tests/services/ActivityServiceTest.php" line="396" class="tests\services\ActivityServiceTest" classname="tests.services.ActivityServiceTest" assertions="2" time="0.001166"/>
        <testcase name="testSignupThrowsWhenActivityIsFull" file="/Users/yosef/Documents/Projects/Eaglepoint/campusops/repo/unit_tests/services/ActivityServiceTest.php" line="408" class="tests\services\ActivityServiceTest" classname="tests.services.ActivityServiceTest" assertions="2" time="0.001196"/>
        <testcase name="testCancelSignupSetsStatusToCancelled" file="/Users/yosef/Documents/Projects/Eaglepoint/campusops/repo/unit_tests/services/ActivityServiceTest.php" line="424" class="tests\services\ActivityServiceTest" classname="tests.services.ActivityServiceTest" assertions="1" time="0.001173"/>
        <testcase name="testArchiveActivityTransitionsCompletedToArchived" file="/Users/yosef/Documents/Projects/Eaglepoint/campusops/repo/unit_tests/services/ActivityServiceTest.php" line="325" class="tests\services\ActivityServiceTest" classname="tests.services.ActivityServiceTest" assertions="1" time="0.001676"/>
        <testcase name="testListActivitiesFiltersByState" file="/Users/yosef/Documents/Projects/Eaglepoint/campusops/repo/unit_tests/services/ActivityServiceTest.php" line="437" class="tests\services\ActivityServiceTest" classname="tests.services.ActivityServiceTest" assertions="2" time="0.002269"/>
      </testsuite>
      <testsuite name="tests\services\AuthServiceTest" file="/Users/yosef/Documents/Projects/Eaglepoint/campusops/repo/unit_tests/services/AuthServiceTest.php" tests="11" assertions="14" errors="0" failures="0" skipped="0" time="1.904238">
        <testcase name="testIsLockedReturnsFalseWhenNotLocked" file="/Users/yosef/Documents/Projects/Eaglepoint/campusops/repo/unit_tests/services/AuthServiceTest.php" line="49" class="tests\services\AuthServiceTest" classname="tests.services.AuthServiceTest" assertions="1" time="0.000332"/>
        <testcase name="testIsLockedReturnsTrueWhenLockedInFuture" file="/Users/yosef/Documents/Projects/Eaglepoint/campusops/repo/unit_tests/services/AuthServiceTest.php" line="57" class="tests\services\AuthServiceTest" classname="tests.services.AuthServiceTest" assertions="1" time="0.000118"/>
        <testcase name="testIsLockedReturnsFalseWhenLockedInPast" file="/Users/yosef/Documents/Projects/Eaglepoint/campusops/repo/unit_tests/services/AuthServiceTest.php" line="65" class="tests\services\AuthServiceTest" classname="tests.services.AuthServiceTest" assertions="1" time="0.000087"/>
        <testcase name="testRecordFailedAttemptIncrementsCounter" file="/Users/yosef/Documents/Projects/Eaglepoint/campusops/repo/unit_tests/services/AuthServiceTest.php" line="100" class="tests\services\AuthServiceTest" classname="tests.services.AuthServiceTest" assertions="1" time="0.000091"/>
        <testcase name="testResetFailedAttemptsClearsLock" file="/Users/yosef/Documents/Projects/Eaglepoint/campusops/repo/unit_tests/services/AuthServiceTest.php" line="108" class="tests\services\AuthServiceTest" classname="tests.services.AuthServiceTest" assertions="2" time="0.000170"/>
        <testcase name="testPasswordHashUsesBcryptAlgorithm" file="/Users/yosef/Documents/Projects/Eaglepoint/campusops/repo/unit_tests/services/AuthServiceTest.php" line="73" class="tests\services\AuthServiceTest" classname="tests.services.AuthServiceTest" assertions="1" time="0.191648"/>
        <testcase name="testSaltIs32HexCharacters" file="/Users/yosef/Documents/Projects/Eaglepoint/campusops/repo/unit_tests/services/AuthServiceTest.php" line="81" class="tests\services\AuthServiceTest" classname="tests.services.AuthServiceTest" assertions="1" time="0.191824"/>
        <testcase name="testVerifyPassword" file="/Users/yosef/Documents/Projects/Eaglepoint/campusops/repo/unit_tests/services/AuthServiceTest.php" line="12" class="tests\services\AuthServiceTest" classname="tests.services.AuthServiceTest" assertions="1" time="0.380532"/>
        <testcase name="testSetPasswordHashesPassword" file="/Users/yosef/Documents/Projects/Eaglepoint/campusops/repo/unit_tests/services/AuthServiceTest.php" line="37" class="tests\services\AuthServiceTest" classname="tests.services.AuthServiceTest" assertions="3" time="0.380232"/>
        <testcase name="testDifferentSaltPerPassword" file="/Users/yosef/Documents/Projects/Eaglepoint/campusops/repo/unit_tests/services/AuthServiceTest.php" line="89" class="tests\services\AuthServiceTest" classname="tests.services.AuthServiceTest" assertions="1" time="0.379941"/>
        <testcase name="testVerifyPasswordReturnsFalseForWrongPassword" file="/Users/yosef/Documents/Projects/Eaglepoint/campusops/repo/unit_tests/services/AuthServiceTest.php" line="25" class="tests\services\AuthServiceTest" classname="tests.services.AuthServiceTest" assertions="1" time="0.379264"/>
      </testsuite>
      <testsuite name="tests\services\OrderServiceTest" file="/Users/yosef/Documents/Projects/Eaglepoint/campusops/repo/unit_tests/services/OrderServiceTest.php" tests="28" assertions="45" errors="0" failures="0" skipped="0" time="0.015743">
        <testcase name="testCancelThrowsWhenOrderIsTicketed" file="/Users/yosef/Documents/Projects/Eaglepoint/campusops/repo/unit_tests/services/OrderServiceTest.php" line="35" class="tests\services\OrderServiceTest" classname="tests.services.OrderServiceTest" assertions="2" time="0.000912"/>
        <testcase name="testCancelThrowsWhenOrderIsClosed" file="/Users/yosef/Documents/Projects/Eaglepoint/campusops/repo/unit_tests/services/OrderServiceTest.php" line="44" class="tests\services\OrderServiceTest" classname="tests.services.OrderServiceTest" assertions="2" time="0.000298"/>
        <testcase name="testCancelSucceedsForPlacedOrder" file="/Users/yosef/Documents/Projects/Eaglepoint/campusops/repo/unit_tests/services/OrderServiceTest.php" line="53" class="tests\services\OrderServiceTest" classname="tests.services.OrderServiceTest" assertions="1" time="0.000601"/>
        <testcase name="testRefundThrowsWhenCallerIsNotAdministrator" file="/Users/yosef/Documents/Projects/Eaglepoint/campusops/repo/unit_tests/services/OrderServiceTest.php" line="65" class="tests\services\OrderServiceTest" classname="tests.services.OrderServiceTest" assertions="2" time="0.000275"/>
        <testcase name="testCloseThrowsWhenOrderIsNotTicketed" file="/Users/yosef/Documents/Projects/Eaglepoint/campusops/repo/unit_tests/services/OrderServiceTest.php" line="86" class="tests\services\OrderServiceTest" classname="tests.services.OrderServiceTest" assertions="2" time="0.000261"/>
        <testcase name="testCloseSucceedsForTicketedOrder" file="/Users/yosef/Documents/Projects/Eaglepoint/campusops/repo/unit_tests/services/OrderServiceTest.php" line="95" class="tests\services\OrderServiceTest" classname="tests.services.OrderServiceTest" assertions="1" time="0.000485"/>
        <testcase name="testCancelBySystemSetsStateToCanceled" file="/Users/yosef/Documents/Projects/Eaglepoint/campusops/repo/unit_tests/services/OrderServiceTest.php" line="107" class="tests\services\OrderServiceTest" classname="tests.services.OrderServiceTest" assertions="1" time="0.000500"/>
        <testcase name="testCancelBySystemWritesHistoryWithChangedByZero" file="/Users/yosef/Documents/Projects/Eaglepoint/campusops/repo/unit_tests/services/OrderServiceTest.php" line="115" class="tests\services\OrderServiceTest" classname="tests.services.OrderServiceTest" assertions="3" time="0.000532"/>
        <testcase name="testCancelBySystemThrowsWhenOrderIsNotPendingPayment" file="/Users/yosef/Documents/Projects/Eaglepoint/campusops/repo/unit_tests/services/OrderServiceTest.php" line="129" class="tests\services\OrderServiceTest" classname="tests.services.OrderServiceTest" assertions="2" time="0.000309"/>
        <testcase name="testRefundSucceedsForAdministrator" file="/Users/yosef/Documents/Projects/Eaglepoint/campusops/repo/unit_tests/services/OrderServiceTest.php" line="74" class="tests\services\OrderServiceTest" classname="tests.services.OrderServiceTest" assertions="1" time="0.000500"/>
        <testcase name="testGetHistoryReturnsStateChanges" file="/Users/yosef/Documents/Projects/Eaglepoint/campusops/repo/unit_tests/services/OrderServiceTest.php" line="234" class="tests\services\OrderServiceTest" classname="tests.services.OrderServiceTest" assertions="2" time="0.000636"/>
        <testcase name="testApproveAddressCorrectionSucceedsForReviewer" file="/Users/yosef/Documents/Projects/Eaglepoint/campusops/repo/unit_tests/services/OrderServiceTest.php" line="327" class="tests\services\OrderServiceTest" classname="tests.services.OrderServiceTest" assertions="1" time="0.000710"/>
        <testcase name="testCreateOrderThrowsWhenActivityIdMissing" file="/Users/yosef/Documents/Projects/Eaglepoint/campusops/repo/unit_tests/services/OrderServiceTest.php" line="157" class="tests\services\OrderServiceTest" classname="tests.services.OrderServiceTest" assertions="2" time="0.000178"/>
        <testcase name="testCreateOrderThrowsWhenActivityNotFound" file="/Users/yosef/Documents/Projects/Eaglepoint/campusops/repo/unit_tests/services/OrderServiceTest.php" line="165" class="tests\services\OrderServiceTest" classname="tests.services.OrderServiceTest" assertions="2" time="0.000214"/>
        <testcase name="testGetHistoryThrows403ForUnauthorizedUser" file="/Users/yosef/Documents/Projects/Eaglepoint/campusops/repo/unit_tests/services/OrderServiceTest.php" line="246" class="tests\services\OrderServiceTest" classname="tests.services.OrderServiceTest" assertions="2" time="0.000289"/>
        <testcase name="testGetOrderReturnsNullForUnauthorizedUser" file="/Users/yosef/Documents/Projects/Eaglepoint/campusops/repo/unit_tests/services/OrderServiceTest.php" line="258" class="tests\services\OrderServiceTest" classname="tests.services.OrderServiceTest" assertions="1" time="0.000275"/>
        <testcase name="testGetOrderReturnsOrderForOwner" file="/Users/yosef/Documents/Projects/Eaglepoint/campusops/repo/unit_tests/services/OrderServiceTest.php" line="265" class="tests\services\OrderServiceTest" classname="tests.services.OrderServiceTest" assertions="2" time="0.000323"/>
        <testcase name="testUpdateOrderModifiesNotes" file="/Users/yosef/Documents/Projects/Eaglepoint/campusops/repo/unit_tests/services/OrderServiceTest.php" line="277" class="tests\services\OrderServiceTest" classname="tests.services.OrderServiceTest" assertions="1" time="0.000456"/>
        <testcase name="testUpdateOrderThrowsForClosedOrder" file="/Users/yosef/Documents/Projects/Eaglepoint/campusops/repo/unit_tests/services/OrderServiceTest.php" line="285" class="tests\services\OrderServiceTest" classname="tests.services.OrderServiceTest" assertions="2" time="0.000536"/>
        <testcase name="testRequestAddressCorrectionOnClosedOrder" file="/Users/yosef/Documents/Projects/Eaglepoint/campusops/repo/unit_tests/services/OrderServiceTest.php" line="298" class="tests\services\OrderServiceTest" classname="tests.services.OrderServiceTest" assertions="1" time="0.000582"/>
        <testcase name="testRequestAddressCorrectionFailsOnNonClosedOrder" file="/Users/yosef/Documents/Projects/Eaglepoint/campusops/repo/unit_tests/services/OrderServiceTest.php" line="307" class="tests\services\OrderServiceTest" classname="tests.services.OrderServiceTest" assertions="1" time="0.000441"/>
        <testcase name="testApproveAddressCorrectionRequiresReviewerRole" file="/Users/yosef/Documents/Projects/Eaglepoint/campusops/repo/unit_tests/services/OrderServiceTest.php" line="316" class="tests\services\OrderServiceTest" classname="tests.services.OrderServiceTest" assertions="1" time="0.000448"/>
        <testcase name="testCreateOrderReturnsPlacedOrder" file="/Users/yosef/Documents/Projects/Eaglepoint/campusops/repo/unit_tests/services/OrderServiceTest.php" line="141" class="tests\services\OrderServiceTest" classname="tests.services.OrderServiceTest" assertions="2" time="0.003036"/>
        <testcase name="testInitiatePaymentTransitionsToPlacedToPending" file="/Users/yosef/Documents/Projects/Eaglepoint/campusops/repo/unit_tests/services/OrderServiceTest.php" line="177" class="tests\services\OrderServiceTest" classname="tests.services.OrderServiceTest" assertions="2" time="0.000709"/>
        <testcase name="testInitiatePaymentThrowsWhenNotPlaced" file="/Users/yosef/Documents/Projects/Eaglepoint/campusops/repo/unit_tests/services/OrderServiceTest.php" line="187" class="tests\services\OrderServiceTest" classname="tests.services.OrderServiceTest" assertions="2" time="0.000319"/>
        <testcase name="testConfirmPaymentTransitionsToPaid" file="/Users/yosef/Documents/Projects/Eaglepoint/campusops/repo/unit_tests/services/OrderServiceTest.php" line="196" class="tests\services\OrderServiceTest" classname="tests.services.OrderServiceTest" assertions="1" time="0.000564"/>
        <testcase name="testStartTicketingTransitionsPaidToTicketing" file="/Users/yosef/Documents/Projects/Eaglepoint/campusops/repo/unit_tests/services/OrderServiceTest.php" line="212" class="tests\services\OrderServiceTest" classname="tests.services.OrderServiceTest" assertions="1" time="0.000534"/>
        <testcase name="testAddTicketTransitionsTicketingToTicketed" file="/Users/yosef/Documents/Projects/Eaglepoint/campusops/repo/unit_tests/services/OrderServiceTest.php" line="220" class="tests\services\OrderServiceTest" classname="tests.services.OrderServiceTest" assertions="2" time="0.000820"/>
      </testsuite>
      <testsuite name="tests\services\SearchServiceTest" file="/Users/yosef/Documents/Projects/Eaglepoint/campusops/repo/unit_tests/services/SearchServiceTest.php" tests="20" assertions="30" errors="0" failures="0" skipped="0" time="0.045759">
        <testcase name="testCleanupDoesNotRemoveRecentOrphanedEntries" file="/Users/yosef/Documents/Projects/Eaglepoint/campusops/repo/unit_tests/services/SearchServiceTest.php" line="218" class="tests\services\SearchServiceTest" classname="tests.services.SearchServiceTest" assertions="1" time="0.000538"/>
        <testcase name="testSearchWithSqlInjectionQueryReturnsValidArray" file="/Users/yosef/Documents/Projects/Eaglepoint/campusops/repo/unit_tests/services/SearchServiceTest.php" line="35" class="tests\services\SearchServiceTest" classname="tests.services.SearchServiceTest" assertions="3" time="0.001242"/>
        <testcase name="testSearchWithSingleQuoteInQueryDoesNotThrow" file="/Users/yosef/Documents/Projects/Eaglepoint/campusops/repo/unit_tests/services/SearchServiceTest.php" line="57" class="tests\services\SearchServiceTest" classname="tests.services.SearchServiceTest" assertions="1" time="0.000734"/>
        <testcase name="testSearchSortsByReplyCount" file="/Users/yosef/Documents/Projects/Eaglepoint/campusops/repo/unit_tests/services/SearchServiceTest.php" line="102" class="tests\services\SearchServiceTest" classname="tests.services.SearchServiceTest" assertions="1" time="0.001005"/>
        <testcase name="testCleanupRemovesOrphanedIndexEntriesOlderThan7Days" file="/Users/yosef/Documents/Projects/Eaglepoint/campusops/repo/unit_tests/services/SearchServiceTest.php" line="199" class="tests\services\SearchServiceTest" classname="tests.services.SearchServiceTest" assertions="3" time="0.001130"/>
        <testcase name="testSearchWithWildcardPayloadDoesNotThrow" file="/Users/yosef/Documents/Projects/Eaglepoint/campusops/repo/unit_tests/services/SearchServiceTest.php" line="50" class="tests\services\SearchServiceTest" classname="tests.services.SearchServiceTest" assertions="2" time="0.001637"/>
        <testcase name="testSearchWithDropTablePayloadReturnsValidArray" file="/Users/yosef/Documents/Projects/Eaglepoint/campusops/repo/unit_tests/services/SearchServiceTest.php" line="43" class="tests\services\SearchServiceTest" classname="tests.services.SearchServiceTest" assertions="2" time="0.004608"/>
        <testcase name="testIndexCreatesNewEntry" file="/Users/yosef/Documents/Projects/Eaglepoint/campusops/repo/unit_tests/services/SearchServiceTest.php" line="136" class="tests\services\SearchServiceTest" classname="tests.services.SearchServiceTest" assertions="2" time="0.000339"/>
        <testcase name="testIndexUpdatesExistingEntry" file="/Users/yosef/Documents/Projects/Eaglepoint/campusops/repo/unit_tests/services/SearchServiceTest.php" line="145" class="tests\services\SearchServiceTest" classname="tests.services.SearchServiceTest" assertions="1" time="0.000439"/>
        <testcase name="testRemoveDeletesEntry" file="/Users/yosef/Documents/Projects/Eaglepoint/campusops/repo/unit_tests/services/SearchServiceTest.php" line="154" class="tests\services\SearchServiceTest" classname="tests.services.SearchServiceTest" assertions="1" time="0.000312"/>
        <testcase name="testSuggestReturnsTitleMatches" file="/Users/yosef/Documents/Projects/Eaglepoint/campusops/repo/unit_tests/services/SearchServiceTest.php" line="167" class="tests\services\SearchServiceTest" classname="tests.services.SearchServiceTest" assertions="1" time="0.000328"/>
        <testcase name="testSearchSortsByPopularity" file="/Users/yosef/Documents/Projects/Eaglepoint/campusops/repo/unit_tests/services/SearchServiceTest.php" line="96" class="tests\services\SearchServiceTest" classname="tests.services.SearchServiceTest" assertions="1" time="0.001752"/>
        <testcase name="testRebuildReindexesAllEntities" file="/Users/yosef/Documents/Projects/Eaglepoint/campusops/repo/unit_tests/services/SearchServiceTest.php" line="241" class="tests\services\SearchServiceTest" classname="tests.services.SearchServiceTest" assertions="2" time="0.000765"/>
        <testcase name="testGetDidYouMeanReturnsNullWhenNoSuggestion" file="/Users/yosef/Documents/Projects/Eaglepoint/campusops/repo/unit_tests/services/SearchServiceTest.php" line="278" class="tests\services\SearchServiceTest" classname="tests.services.SearchServiceTest" assertions="1" time="0.003401"/>
        <testcase name="testSearchFindsIndexedContent" file="/Users/yosef/Documents/Projects/Eaglepoint/campusops/repo/unit_tests/services/SearchServiceTest.php" line="67" class="tests\services\SearchServiceTest" classname="tests.services.SearchServiceTest" assertions="1" time="0.003686"/>
        <testcase name="testSearchSortsByRecency" file="/Users/yosef/Documents/Projects/Eaglepoint/campusops/repo/unit_tests/services/SearchServiceTest.php" line="87" class="tests\services\SearchServiceTest" classname="tests.services.SearchServiceTest" assertions="2" time="0.003657"/>
        <testcase name="testSearchReturnsHighlights" file="/Users/yosef/Documents/Projects/Eaglepoint/campusops/repo/unit_tests/services/SearchServiceTest.php" line="108" class="tests\services\SearchServiceTest" classname="tests.services.SearchServiceTest" assertions="1" time="0.003962"/>
        <testcase name="testSearchWithoutHighlights" file="/Users/yosef/Documents/Projects/Eaglepoint/campusops/repo/unit_tests/services/SearchServiceTest.php" line="120" class="tests\services\SearchServiceTest" classname="tests.services.SearchServiceTest" assertions="1" time="0.004775"/>
        <testcase name="testSearchLogisticsFiltersByOrderType" file="/Users/yosef/Documents/Projects/Eaglepoint/campusops/repo/unit_tests/services/SearchServiceTest.php" line="180" class="tests\services\SearchServiceTest" classname="tests.services.SearchServiceTest" assertions="1" time="0.004587"/>
        <testcase name="testSearchFiltersByEntityType" file="/Users/yosef/Documents/Projects/Eaglepoint/campusops/repo/unit_tests/services/SearchServiceTest.php" line="76" class="tests\services\SearchServiceTest" classname="tests.services.SearchServiceTest" assertions="2" time="0.006864"/>
      </testsuite>
      <testsuite name="tests\services\ViolationServiceTest" file="/Users/yosef/Documents/Projects/Eaglepoint/campusops/repo/unit_tests/services/ViolationServiceTest.php" tests="24" assertions="46" errors="0" failures="0" skipped="0" time="0.402908">
        <testcase name="testListViolationsForAdminReturnsAll" file="/Users/yosef/Documents/Projects/Eaglepoint/campusops/repo/unit_tests/services/ViolationServiceTest.php" line="63" class="tests\services\ViolationServiceTest" classname="tests.services.ViolationServiceTest" assertions="2" time="0.001290"/>
        <testcase name="testGetViolationThrows403ForRegularUserAccessingOthersViolation" file="/Users/yosef/Documents/Projects/Eaglepoint/campusops/repo/unit_tests/services/ViolationServiceTest.php" line="76" class="tests\services\ViolationServiceTest" classname="tests.services.ViolationServiceTest" assertions="2" time="0.000391"/>
        <testcase name="testGetViolationSucceedsForOwner" file="/Users/yosef/Documents/Projects/Eaglepoint/campusops/repo/unit_tests/services/ViolationServiceTest.php" line="84" class="tests\services\ViolationServiceTest" classname="tests.services.ViolationServiceTest" assertions="2" time="0.000463"/>
        <testcase name="testGetViolationSucceedsForAdministrator" file="/Users/yosef/Documents/Projects/Eaglepoint/campusops/repo/unit_tests/services/ViolationServiceTest.php" line="92" class="tests\services\ViolationServiceTest" classname="tests.services.ViolationServiceTest" assertions="1" time="0.000493"/>
        <testcase name="testListRulesReturnsAllRules" file="/Users/yosef/Documents/Projects/Eaglepoint/campusops/repo/unit_tests/services/ViolationServiceTest.php" line="110" class="tests\services\ViolationServiceTest" classname="tests.services.ViolationServiceTest" assertions="2" time="0.000487"/>
        <testcase name="testGetUserViolationsExcludesRejected" file="/Users/yosef/Documents/Projects/Eaglepoint/campusops/repo/unit_tests/services/ViolationServiceTest.php" line="221" class="tests\services\ViolationServiceTest" classname="tests.services.ViolationServiceTest" assertions="2" time="0.000726"/>
        <testcase name="testListViolationsForRegularUserReturnsOnlyOwnViolations" file="/Users/yosef/Documents/Projects/Eaglepoint/campusops/repo/unit_tests/services/ViolationServiceTest.php" line="49" class="tests\services\ViolationServiceTest" classname="tests.services.ViolationServiceTest" assertions="3" time="0.000783"/>
        <testcase name="testGetUserViolationsReturnsTotalPoints" file="/Users/yosef/Documents/Projects/Eaglepoint/campusops/repo/unit_tests/services/ViolationServiceTest.php" line="211" class="tests\services\ViolationServiceTest" classname="tests.services.ViolationServiceTest" assertions="2" time="0.000716"/>
        <testcase name="testGetGroupViolationsAggregatesMemberPoints" file="/Users/yosef/Documents/Projects/Eaglepoint/campusops/repo/unit_tests/services/ViolationServiceTest.php" line="233" class="tests\services\ViolationServiceTest" classname="tests.services.ViolationServiceTest" assertions="2" time="0.000746"/>
        <testcase name="testCreateViolationAssignsRulePoints" file="/Users/yosef/Documents/Projects/Eaglepoint/campusops/repo/unit_tests/services/ViolationServiceTest.php" line="184" class="tests\services\ViolationServiceTest" classname="tests.services.ViolationServiceTest" assertions="2" time="0.191889"/>
        <testcase name="testFinalDecisionRejectRejectsViolation" file="/Users/yosef/Documents/Projects/Eaglepoint/campusops/repo/unit_tests/services/ViolationServiceTest.php" line="340" class="tests\services\ViolationServiceTest" classname="tests.services.ViolationServiceTest" assertions="1" time="0.199063"/>
        <testcase name="testGetViolationThrows404WhenNotFound" file="/Users/yosef/Documents/Projects/Eaglepoint/campusops/repo/unit_tests/services/ViolationServiceTest.php" line="99" class="tests\services\ViolationServiceTest" classname="tests.services.ViolationServiceTest" assertions="2" time="0.000316"/>
        <testcase name="testGetRuleReturnsRule" file="/Users/yosef/Documents/Projects/Eaglepoint/campusops/repo/unit_tests/services/ViolationServiceTest.php" line="118" class="tests\services\ViolationServiceTest" classname="tests.services.ViolationServiceTest" assertions="2" time="0.000289"/>
        <testcase name="testGetRuleThrows404WhenNotFound" file="/Users/yosef/Documents/Projects/Eaglepoint/campusops/repo/unit_tests/services/ViolationServiceTest.php" line="125" class="tests\services\ViolationServiceTest" classname="tests.services.ViolationServiceTest" assertions="2" time="0.000260"/>
        <testcase name="testCreateRuleReturnsNewRule" file="/Users/yosef/Documents/Projects/Eaglepoint/campusops/repo/unit_tests/services/ViolationServiceTest.php" line="132" class="tests\services\ViolationServiceTest" classname="tests.services.ViolationServiceTest" assertions="3" time="0.000336"/>
        <testcase name="testCreateRuleThrowsWhenNameMissing" file="/Users/yosef/Documents/Projects/Eaglepoint/campusops/repo/unit_tests/services/ViolationServiceTest.php" line="148" class="tests\services\ViolationServiceTest" classname="tests.services.ViolationServiceTest" assertions="2" time="0.000245"/>
        <testcase name="testUpdateRuleModifiesFields" file="/Users/yosef/Documents/Projects/Eaglepoint/campusops/repo/unit_tests/services/ViolationServiceTest.php" line="156" class="tests\services\ViolationServiceTest" classname="tests.services.ViolationServiceTest" assertions="1" time="0.000425"/>
        <testcase name="testDeleteRuleRemovesRule" file="/Users/yosef/Documents/Projects/Eaglepoint/campusops/repo/unit_tests/services/ViolationServiceTest.php" line="166" class="tests\services\ViolationServiceTest" classname="tests.services.ViolationServiceTest" assertions="1" time="0.000382"/>
        <testcase name="testCreateViolationThrowsWhenMissingFields" file="/Users/yosef/Documents/Projects/Eaglepoint/campusops/repo/unit_tests/services/ViolationServiceTest.php" line="199" class="tests\services\ViolationServiceTest" classname="tests.services.ViolationServiceTest" assertions="2" time="0.000251"/>
        <testcase name="testSubmitAppealChangesStatusToUnderReview" file="/Users/yosef/Documents/Projects/Eaglepoint/campusops/repo/unit_tests/services/ViolationServiceTest.php" line="266" class="tests\services\ViolationServiceTest" classname="tests.services.ViolationServiceTest" assertions="3" time="0.000634"/>
        <testcase name="testReviewAppealThrowsWithoutPermission" file="/Users/yosef/Documents/Projects/Eaglepoint/campusops/repo/unit_tests/services/ViolationServiceTest.php" line="298" class="tests\services\ViolationServiceTest" classname="tests.services.ViolationServiceTest" assertions="2" time="0.000556"/>
        <testcase name="testReviewAppealThrowsWhenNotesEmpty" file="/Users/yosef/Documents/Projects/Eaglepoint/campusops/repo/unit_tests/services/ViolationServiceTest.php" line="311" class="tests\services\ViolationServiceTest" classname="tests.services.ViolationServiceTest" assertions="2" time="0.000596"/>
        <testcase name="testReviewAppealSetsReviewerInfo" file="/Users/yosef/Documents/Projects/Eaglepoint/campusops/repo/unit_tests/services/ViolationServiceTest.php" line="281" class="tests\services\ViolationServiceTest" classname="tests.services.ViolationServiceTest" assertions="2" time="0.000753"/>
        <testcase name="testFinalDecisionUpholdApprovesViolation" file="/Users/yosef/Documents/Projects/Eaglepoint/campusops/repo/unit_tests/services/ViolationServiceTest.php" line="324" class="tests\services\ViolationServiceTest" classname="tests.services.ViolationServiceTest" assertions="1" time="0.000818"/>
      </testsuite>
    </testsuite>
    <testsuite name="api" tests="39" assertions="66" errors="0" failures="0" skipped="0" time="10.670979">
      <testsuite name="tests\api\AuthApiTest" file="/Users/yosef/Documents/Projects/Eaglepoint/campusops/repo/API_tests/AuthApiTest.php" tests="10" assertions="21" errors="0" failures="0" skipped="0" time="2.123042">
        <testcase name="testValidateTokenReturnsNullForInvalidToken" file="/Users/yosef/Documents/Projects/Eaglepoint/campusops/repo/API_tests/AuthApiTest.php" line="118" class="tests\api\AuthApiTest" classname="tests.api.AuthApiTest" assertions="1" time="0.000355"/>
        <testcase name="testUnlockAccountResetsFailedAttempts" file="/Users/yosef/Documents/Projects/Eaglepoint/campusops/repo/API_tests/AuthApiTest.php" line="125" class="tests\api\AuthApiTest" classname="tests.api.AuthApiTest" assertions="2" time="0.192687"/>
        <testcase name="testLogoutInvalidatesSession" file="/Users/yosef/Documents/Projects/Eaglepoint/campusops/repo/API_tests/AuthApiTest.php" line="96" class="tests\api\AuthApiTest" classname="tests.api.AuthApiTest" assertions="1" time="0.190163"/>
        <testcase name="testLoginThrowsForLockedAccount" file="/Users/yosef/Documents/Projects/Eaglepoint/campusops/repo/API_tests/AuthApiTest.php" line="44" class="tests\api\AuthApiTest" classname="tests.api.AuthApiTest" assertions="2" time="0.193440"/>
        <testcase name="testValidateTokenReturnsUserForValidToken" file="/Users/yosef/Documents/Projects/Eaglepoint/campusops/repo/API_tests/AuthApiTest.php" line="107" class="tests\api\AuthApiTest" classname="tests.api.AuthApiTest" assertions="2" time="0.207874"/>
        <testcase name="testLoginReturnsUserAndTokenOnSuccess" file="/Users/yosef/Documents/Projects/Eaglepoint/campusops/repo/API_tests/AuthApiTest.php" line="56" class="tests\api\AuthApiTest" classname="tests.api.AuthApiTest" assertions="6" time="0.388985"/>
        <testcase name="testLoginLocksAfterFiveFailedAttempts" file="/Users/yosef/Documents/Projects/Eaglepoint/campusops/repo/API_tests/AuthApiTest.php" line="84" class="tests\api\AuthApiTest" classname="tests.api.AuthApiTest" assertions="2" time="0.379609"/>
        <testcase name="testLoginReturnsInvalidCredentialsForUnknownUser" file="/Users/yosef/Documents/Projects/Eaglepoint/campusops/repo/API_tests/AuthApiTest.php" line="26" class="tests\api\AuthApiTest" classname="tests.api.AuthApiTest" assertions="2" time="0.001166"/>
        <testcase name="testLoginThrowsForDisabledAccount" file="/Users/yosef/Documents/Projects/Eaglepoint/campusops/repo/API_tests/AuthApiTest.php" line="34" class="tests\api\AuthApiTest" classname="tests.api.AuthApiTest" assertions="2" time="0.189782"/>
        <testcase name="testLoginIncrementsFailedAttemptsOnWrongPassword" file="/Users/yosef/Documents/Projects/Eaglepoint/campusops/repo/API_tests/AuthApiTest.php" line="70" class="tests\api\AuthApiTest" classname="tests.api.AuthApiTest" assertions="1" time="0.378980"/>
      </testsuite>
      <testsuite name="tests\api\HttpMiddlewareTest" file="/Users/yosef/Documents/Projects/Eaglepoint/campusops/repo/API_tests/HttpMiddlewareTest.php" tests="10" assertions="18" errors="0" failures="0" skipped="0" time="1.148176">
        <testcase name="testAuthMiddlewarePassesThroughForValidActiveToken" file="/Users/yosef/Documents/Projects/Eaglepoint/campusops/repo/API_tests/HttpMiddlewareTest.php" line="90" class="tests\api\HttpMiddlewareTest" classname="tests.api.HttpMiddlewareTest" assertions="4" time="0.194508"/>
        <testcase name="testOperationsStaffCannotAccessUsersRead" file="/Users/yosef/Documents/Projects/Eaglepoint/campusops/repo/API_tests/HttpMiddlewareTest.php" line="177" class="tests\api\HttpMiddlewareTest" classname="tests.api.HttpMiddlewareTest" assertions="1" time="0.190236"/>
        <testcase name="testRbacMiddlewareReturns403WhenUserLacksPermission" file="/Users/yosef/Documents/Projects/Eaglepoint/campusops/repo/API_tests/HttpMiddlewareTest.php" line="126" class="tests\api\HttpMiddlewareTest" classname="tests.api.HttpMiddlewareTest" assertions="3" time="0.190245"/>
        <testcase name="testAuthMiddlewareReturns401WithNoAuthorizationHeader" file="/Users/yosef/Documents/Projects/Eaglepoint/campusops/repo/API_tests/HttpMiddlewareTest.php" line="47" class="tests\api\HttpMiddlewareTest" classname="tests.api.HttpMiddlewareTest" assertions="2" time="0.000372"/>
        <testcase name="testAuthMiddlewareReturns401WithMalformedHeader" file="/Users/yosef/Documents/Projects/Eaglepoint/campusops/repo/API_tests/HttpMiddlewareTest.php" line="57" class="tests\api\HttpMiddlewareTest" classname="tests.api.HttpMiddlewareTest" assertions="1" time="0.000339"/>
        <testcase name="testAuthMiddlewareReturns401WithInvalidBearerToken" file="/Users/yosef/Documents/Projects/Eaglepoint/campusops/repo/API_tests/HttpMiddlewareTest.php" line="67" class="tests\api\HttpMiddlewareTest" classname="tests.api.HttpMiddlewareTest" assertions="1" time="0.000386"/>
        <testcase name="testRbacMiddlewareReturns401WhenNoUserAttachedToRequest" file="/Users/yosef/Documents/Projects/Eaglepoint/campusops/repo/API_tests/HttpMiddlewareTest.php" line="116" class="tests\api\HttpMiddlewareTest" classname="tests.api.HttpMiddlewareTest" assertions="1" time="0.000329"/>
        <testcase name="testRbacMiddlewarePassesThroughWithNoPermissionRequired" file="/Users/yosef/Documents/Projects/Eaglepoint/campusops/repo/API_tests/HttpMiddlewareTest.php" line="158" class="tests\api\HttpMiddlewareTest" classname="tests.api.HttpMiddlewareTest" assertions="2" time="0.189879"/>
        <testcase name="testRbacMiddlewarePassesThroughWhenUserHasPermission" file="/Users/yosef/Documents/Projects/Eaglepoint/campusops/repo/API_tests/HttpMiddlewareTest.php" line="140" class="tests\api\HttpMiddlewareTest" classname="tests.api.HttpMiddlewareTest" assertions="2" time="0.192084"/>
        <testcase name="testAuthMiddlewareReturns403ForInactiveUser" file="/Users/yosef/Documents/Projects/Eaglepoint/campusops/repo/API_tests/HttpMiddlewareTest.php" line="77" class="tests\api\HttpMiddlewareTest" classname="tests.api.HttpMiddlewareTest" assertions="1" time="0.189797"/>
      </testsuite>
      <testsuite name="tests\api\ObjectAuthTest" file="/Users/yosef/Documents/Projects/Eaglepoint/campusops/repo/API_tests/ObjectAuthTest.php" tests="11" assertions="18" errors="0" failures="0" skipped="0" time="6.258260">
        <testcase name="testOwnerCanUpdateOwnActivityTask" file="/Users/yosef/Documents/Projects/Eaglepoint/campusops/repo/API_tests/ObjectAuthTest.php" line="98" class="tests\api\ObjectAuthTest" classname="tests.api.ObjectAuthTest" assertions="1" time="0.566917"/>
        <testcase name="testAdminCanUpdateAnyTask" file="/Users/yosef/Documents/Projects/Eaglepoint/campusops/repo/API_tests/ObjectAuthTest.php" line="107" class="tests\api\ObjectAuthTest" classname="tests.api.ObjectAuthTest" assertions="1" time="0.566513"/>
        <testcase name="testAdminCanDeleteAnyChecklist" file="/Users/yosef/Documents/Projects/Eaglepoint/campusops/repo/API_tests/ObjectAuthTest.php" line="140" class="tests\api\ObjectAuthTest" classname="tests.api.ObjectAuthTest" assertions="1" time="0.572008"/>
        <testcase name="testAdminCanUpdateAnyStaffing" file="/Users/yosef/Documents/Projects/Eaglepoint/campusops/repo/API_tests/ObjectAuthTest.php" line="174" class="tests\api\ObjectAuthTest" classname="tests.api.ObjectAuthTest" assertions="1" time="0.569470"/>
        <testcase name="testNonOwnerCannotUpdateTaskInAnotherUsersActivity" file="/Users/yosef/Documents/Projects/Eaglepoint/campusops/repo/API_tests/ObjectAuthTest.php" line="68" class="tests\api\ObjectAuthTest" classname="tests.api.ObjectAuthTest" assertions="2" time="0.568272"/>
        <testcase name="testNonOwnerCannotDeleteTaskInAnotherUsersActivity" file="/Users/yosef/Documents/Projects/Eaglepoint/campusops/repo/API_tests/ObjectAuthTest.php" line="78" class="tests\api\ObjectAuthTest" classname="tests.api.ObjectAuthTest" assertions="2" time="0.566146"/>
        <testcase name="testNonOwnerCannotUpdateTaskStatus" file="/Users/yosef/Documents/Projects/Eaglepoint/campusops/repo/API_tests/ObjectAuthTest.php" line="88" class="tests\api\ObjectAuthTest" classname="tests.api.ObjectAuthTest" assertions="2" time="0.577412"/>
        <testcase name="testNonOwnerCannotUpdateChecklistInAnotherUsersActivity" file="/Users/yosef/Documents/Projects/Eaglepoint/campusops/repo/API_tests/ObjectAuthTest.php" line="120" class="tests\api\ObjectAuthTest" classname="tests.api.ObjectAuthTest" assertions="2" time="0.565277"/>
        <testcase name="testNonOwnerCannotDeleteChecklistInAnotherUsersActivity" file="/Users/yosef/Documents/Projects/Eaglepoint/campusops/repo/API_tests/ObjectAuthTest.php" line="130" class="tests\api\ObjectAuthTest" classname="tests.api.ObjectAuthTest" assertions="2" time="0.568264"/>
        <testcase name="testNonOwnerCannotUpdateStaffingInAnotherUsersActivity" file="/Users/yosef/Documents/Projects/Eaglepoint/campusops/repo/API_tests/ObjectAuthTest.php" line="154" class="tests\api\ObjectAuthTest" classname="tests.api.ObjectAuthTest" assertions="2" time="0.568052"/>
        <testcase name="testNonOwnerCannotDeleteStaffingInAnotherUsersActivity" file="/Users/yosef/Documents/Projects/Eaglepoint/campusops/repo/API_tests/ObjectAuthTest.php" line="164" class="tests\api\ObjectAuthTest" classname="tests.api.ObjectAuthTest" assertions="2" time="0.569928"/>
      </testsuite>
      <testsuite name="tests\api\OrderApiTest" file="/Users/yosef/Documents/Projects/Eaglepoint/campusops/repo/API_tests/OrderApiTest.php" tests="3" assertions="4" errors="0" failures="0" skipped="0" time="0.571329">
        <testcase name="testReviewerCanGetOrderByIdNotOwnedByThem" file="/Users/yosef/Documents/Projects/Eaglepoint/campusops/repo/API_tests/OrderApiTest.php" line="52" class="tests\api\OrderApiTest" classname="tests.api.OrderApiTest" assertions="2" time="0.190778"/>
        <testcase name="testReviewerCanListAllOrders" file="/Users/yosef/Documents/Projects/Eaglepoint/campusops/repo/API_tests/OrderApiTest.php" line="39" class="tests\api\OrderApiTest" classname="tests.api.OrderApiTest" assertions="1" time="0.189783"/>
        <testcase name="testRegularUserCannotSeeOtherUsersOrders" file="/Users/yosef/Documents/Projects/Eaglepoint/campusops/repo/API_tests/OrderApiTest.php" line="67" class="tests\api\OrderApiTest" classname="tests.api.OrderApiTest" assertions="1" time="0.190768"/>
      </testsuite>
      <testsuite name="tests\api\RbacApiTest" file="/Users/yosef/Documents/Projects/Eaglepoint/campusops/repo/API_tests/RbacApiTest.php" tests="5" assertions="5" errors="0" failures="0" skipped="0" time="0.570173">
        <testcase name="testUnauthenticatedTokenValidationReturnsNull" file="/Users/yosef/Documents/Projects/Eaglepoint/campusops/repo/API_tests/RbacApiTest.php" line="65" class="tests\api\RbacApiTest" classname="tests.api.RbacApiTest" assertions="1" time="0.000246"/>
        <testcase name="testEmptyTokenValidationReturnsNull" file="/Users/yosef/Documents/Projects/Eaglepoint/campusops/repo/API_tests/RbacApiTest.php" line="73" class="tests\api\RbacApiTest" classname="tests.api.RbacApiTest" assertions="1" time="0.000225"/>
        <testcase name="testRegularUserDoesNotHaveUsersReadPermission" file="/Users/yosef/Documents/Projects/Eaglepoint/campusops/repo/API_tests/RbacApiTest.php" line="38" class="tests\api\RbacApiTest" classname="tests.api.RbacApiTest" assertions="1" time="0.189593"/>
        <testcase name="testRegularUserDoesNotHaveViolationRulesPermission" file="/Users/yosef/Documents/Projects/Eaglepoint/campusops/repo/API_tests/RbacApiTest.php" line="56" class="tests\api\RbacApiTest" classname="tests.api.RbacApiTest" assertions="1" time="0.190397"/>
        <testcase name="testAdministratorHasUsersReadPermission" file="/Users/yosef/Documents/Projects/Eaglepoint/campusops/repo/API_tests/RbacApiTest.php" line="47" class="tests\api\RbacApiTest" classname="tests.api.RbacApiTest" assertions="1" time="0.189713"/>
      </testsuite>
    </testsuite>
    <testsuite name="e2e" tests="5" assertions="13" errors="0" failures="0" skipped="0" time="3.242619">
      <testsuite name="tests\e2e\AuthFlowTest" file="/Users/yosef/Documents/Projects/Eaglepoint/campusops/repo/e2e_tests/AuthFlowTest.php" tests="5" assertions="13" errors="0" failures="0" skipped="0" time="3.242619">
        <testcase name="testAccountRecoveryAfterLockout" file="/Users/yosef/Documents/Projects/Eaglepoint/campusops/repo/e2e_tests/AuthFlowTest.php" line="109" class="tests\e2e\AuthFlowTest" classname="tests.e2e.AuthFlowTest" assertions="2" time="0.190214"/>
        <testcase name="testFullAuthLifecycle" file="/Users/yosef/Documents/Projects/Eaglepoint/campusops/repo/e2e_tests/AuthFlowTest.php" line="37" class="tests\e2e\AuthFlowTest" classname="tests.e2e.AuthFlowTest" assertions="5" time="0.379224"/>
        <testcase name="testRoleBasedAccessInSession" file="/Users/yosef/Documents/Projects/Eaglepoint/campusops/repo/e2e_tests/AuthFlowTest.php" line="127" class="tests\e2e\AuthFlowTest" classname="tests.e2e.AuthFlowTest" assertions="2" time="0.775707"/>
        <testcase name="testMultipleUserSessions" file="/Users/yosef/Documents/Projects/Eaglepoint/campusops/repo/e2e_tests/AuthFlowTest.php" line="63" class="tests\e2e\AuthFlowTest" classname="tests.e2e.AuthFlowTest" assertions="3" time="0.760236"/>
        <testcase name="testLoginFailureIncrementSecurity" file="/Users/yosef/Documents/Projects/Eaglepoint/campusops/repo/e2e_tests/AuthFlowTest.php" line="88" class="tests\e2e\AuthFlowTest" classname="tests.e2e.AuthFlowTest" assertions="1" time="1.137238"/>
      </testsuite>
    </testsuite>
  </testsuite>
</testsuites>
